{"D:\\git-projects\\Omnysync\\src\\lib\\crypto.ts": {"path":"D:\\git-projects\\Omnysync\\src\\lib\\crypto.ts","statementMap":{"0":{"start":{"line":3,"column":18},"end":{"line":3,"column":null}},"1":{"start":{"line":4,"column":18},"end":{"line":4,"column":null}},"2":{"start":{"line":5,"column":24},"end":{"line":5,"column":null}},"3":{"start":{"line":8,"column":15},"end":{"line":8,"column":null}},"4":{"start":{"line":9,"column":2},"end":{"line":11,"column":null}},"5":{"start":{"line":10,"column":4},"end":{"line":10,"column":null}},"6":{"start":{"line":12,"column":2},"end":{"line":12,"column":null}},"7":{"start":{"line":16,"column":24},"end":{"line":16,"column":null}},"8":{"start":{"line":17,"column":2},"end":{"line":19,"column":null}},"9":{"start":{"line":18,"column":4},"end":{"line":18,"column":null}},"10":{"start":{"line":21,"column":2},"end":{"line":21,"column":null}},"11":{"start":{"line":25,"column":14},"end":{"line":25,"column":null}},"12":{"start":{"line":26,"column":8},"end":{"line":26,"column":null}},"13":{"start":{"line":27,"column":8},"end":{"line":27,"column":null}},"14":{"start":{"line":29,"column":18},"end":{"line":29,"column":null}},"15":{"start":{"line":30,"column":2},"end":{"line":30,"column":null}},"16":{"start":{"line":32,"column":18},"end":{"line":32,"column":null}},"17":{"start":{"line":35,"column":2},"end":{"line":35,"column":null}},"18":{"start":{"line":39,"column":14},"end":{"line":39,"column":null}},"19":{"start":{"line":41,"column":16},"end":{"line":41,"column":null}},"20":{"start":{"line":42,"column":2},"end":{"line":45,"column":null}},"21":{"start":{"line":44,"column":4},"end":{"line":44,"column":null}},"22":{"start":{"line":47,"column":42},"end":{"line":47,"column":null}},"23":{"start":{"line":49,"column":13},"end":{"line":49,"column":null}},"24":{"start":{"line":50,"column":18},"end":{"line":50,"column":null}},"25":{"start":{"line":52,"column":8},"end":{"line":52,"column":null}},"26":{"start":{"line":53,"column":2},"end":{"line":53,"column":null}},"27":{"start":{"line":55,"column":18},"end":{"line":55,"column":null}},"28":{"start":{"line":56,"column":2},"end":{"line":56,"column":null}},"29":{"start":{"line":58,"column":2},"end":{"line":58,"column":null}}},"fnMap":{"0":{"name":"getSalt","decl":{"start":{"line":7,"column":9},"end":{"line":7,"column":27}},"loc":{"start":{"line":7,"column":27},"end":{"line":13,"column":null}},"line":7},"1":{"name":"getKey","decl":{"start":{"line":15,"column":9},"end":{"line":15,"column":26}},"loc":{"start":{"line":15,"column":26},"end":{"line":22,"column":null}},"line":15},"2":{"name":"encrypt","decl":{"start":{"line":24,"column":16},"end":{"line":24,"column":24}},"loc":{"start":{"line":24,"column":51},"end":{"line":36,"column":null}},"line":24},"3":{"name":"decrypt","decl":{"start":{"line":38,"column":16},"end":{"line":38,"column":24}},"loc":{"start":{"line":38,"column":55},"end":{"line":59,"column":null}},"line":38}},"branchMap":{"0":{"loc":{"start":{"line":9,"column":2},"end":{"line":11,"column":null}},"type":"if","locations":[{"start":{"line":9,"column":2},"end":{"line":11,"column":null}},{"start":{},"end":{}}],"line":9},"1":{"loc":{"start":{"line":17,"column":2},"end":{"line":19,"column":null}},"type":"if","locations":[{"start":{"line":17,"column":2},"end":{"line":19,"column":null}},{"start":{},"end":{}}],"line":17},"2":{"loc":{"start":{"line":42,"column":2},"end":{"line":45,"column":null}},"type":"if","locations":[{"start":{"line":42,"column":2},"end":{"line":45,"column":null}},{"start":{},"end":{}}],"line":42}},"s":{"0":3,"1":3,"2":3,"3":0,"4":0,"5":0,"6":0,"7":0,"8":0,"9":0,"10":0,"11":0,"12":0,"13":0,"14":0,"15":0,"16":0,"17":0,"18":0,"19":0,"20":0,"21":0,"22":0,"23":0,"24":0,"25":0,"26":0,"27":0,"28":0,"29":0},"f":{"0":0,"1":0,"2":0,"3":0},"b":{"0":[0,0],"1":[0,0],"2":[0,0]},"meta":{"lastBranch":3,"lastFunction":4,"lastStatement":30,"seen":{"s:3:18:3:Infinity":0,"s:4:18:4:Infinity":1,"s:5:24:5:Infinity":2,"f:7:9:7:27":0,"s:8:15:8:Infinity":3,"b:9:2:11:Infinity:undefined:undefined:undefined:undefined":0,"s:9:2:11:Infinity":4,"s:10:4:10:Infinity":5,"s:12:2:12:Infinity":6,"f:15:9:15:26":1,"s:16:24:16:Infinity":7,"b:17:2:19:Infinity:undefined:undefined:undefined:undefined":1,"s:17:2:19:Infinity":8,"s:18:4:18:Infinity":9,"s:21:2:21:Infinity":10,"f:24:16:24:24":2,"s:25:14:25:Infinity":11,"s:26:8:26:Infinity":12,"s:27:8:27:Infinity":13,"s:29:18:29:Infinity":14,"s:30:2:30:Infinity":15,"s:32:18:32:Infinity":16,"s:35:2:35:Infinity":17,"f:38:16:38:24":3,"s:39:14:39:Infinity":18,"s:41:16:41:Infinity":19,"b:42:2:45:Infinity:undefined:undefined:undefined:undefined":2,"s:42:2:45:Infinity":20,"s:44:4:44:Infinity":21,"s:47:42:47:Infinity":22,"s:49:13:49:Infinity":23,"s:50:18:50:Infinity":24,"s:52:8:52:Infinity":25,"s:53:2:53:Infinity":26,"s:55:18:55:Infinity":27,"s:56:2:56:Infinity":28,"s:58:2:58:Infinity":29}}}
,"D:\\git-projects\\Omnysync\\src\\lib\\email.ts": {"path":"D:\\git-projects\\Omnysync\\src\\lib\\email.ts","statementMap":{"0":{"start":{"line":1,"column":19},"end":{"line":1,"column":null}},"1":{"start":{"line":4,"column":2},"end":{"line":9,"column":null}},"2":{"start":{"line":5,"column":23},"end":{"line":5,"column":null}},"3":{"start":{"line":6,"column":4},"end":{"line":6,"column":null}},"4":{"start":{"line":8,"column":4},"end":{"line":8,"column":null}},"5":{"start":{"line":21,"column":2},"end":{"line":24,"column":null}},"6":{"start":{"line":22,"column":4},"end":{"line":22,"column":null}},"7":{"start":{"line":23,"column":4},"end":{"line":23,"column":null}},"8":{"start":{"line":26,"column":2},"end":{"line":41,"column":null}},"9":{"start":{"line":27,"column":19},"end":{"line":27,"column":null}},"10":{"start":{"line":28,"column":4},"end":{"line":31,"column":null}},"11":{"start":{"line":29,"column":6},"end":{"line":29,"column":null}},"12":{"start":{"line":30,"column":6},"end":{"line":30,"column":null}},"13":{"start":{"line":33,"column":4},"end":{"line":38,"column":null}},"14":{"start":{"line":40,"column":4},"end":{"line":40,"column":null}},"15":{"start":{"line":45,"column":2},"end":{"line":59,"column":null}},"16":{"start":{"line":68,"column":17},"end":{"line":68,"column":null}},"17":{"start":{"line":70,"column":2},"end":{"line":79,"column":null}}},"fnMap":{"0":{"name":"getResend","decl":{"start":{"line":3,"column":15},"end":{"line":3,"column":27}},"loc":{"start":{"line":3,"column":27},"end":{"line":10,"column":null}},"line":3},"1":{"name":"sendEmail","decl":{"start":{"line":12,"column":22},"end":{"line":12,"column":32}},"loc":{"start":{"line":20,"column":3},"end":{"line":42,"column":null}},"line":20},"2":{"name":"sendWelcomeEmail","decl":{"start":{"line":44,"column":22},"end":{"line":44,"column":39}},"loc":{"start":{"line":44,"column":68},"end":{"line":60,"column":null}},"line":44},"3":{"name":"sendSyncCompleteEmail","decl":{"start":{"line":62,"column":22},"end":{"line":62,"column":null}},"loc":{"start":{"line":67,"column":2},"end":{"line":80,"column":null}},"line":67}},"branchMap":{"0":{"loc":{"start":{"line":1,"column":19},"end":{"line":1,"column":null}},"type":"binary-expr","locations":[{"start":{"line":1,"column":19},"end":{"line":1,"column":52}},{"start":{"line":1,"column":52},"end":{"line":1,"column":null}}],"line":1},"1":{"loc":{"start":{"line":21,"column":2},"end":{"line":24,"column":null}},"type":"if","locations":[{"start":{"line":21,"column":2},"end":{"line":24,"column":null}},{"start":{},"end":{}}],"line":21},"2":{"loc":{"start":{"line":28,"column":4},"end":{"line":31,"column":null}},"type":"if","locations":[{"start":{"line":28,"column":4},"end":{"line":31,"column":null}},{"start":{},"end":{}}],"line":28},"3":{"loc":{"start":{"line":68,"column":17},"end":{"line":68,"column":null}},"type":"cond-expr","locations":[{"start":{"line":68,"column":27},"end":{"line":68,"column":39}},{"start":{"line":68,"column":39},"end":{"line":68,"column":null}}],"line":68},"4":{"loc":{"start":{"line":76,"column":8},"end":{"line":76,"column":null}},"type":"cond-expr","locations":[{"start":{"line":76,"column":36},"end":{"line":76,"column":114}},{"start":{"line":76,"column":114},"end":{"line":76,"column":null}}],"line":76},"5":{"loc":{"start":{"line":76,"column":8},"end":{"line":76,"column":36}},"type":"binary-expr","locations":[{"start":{"line":76,"column":8},"end":{"line":76,"column":19}},{"start":{"line":76,"column":19},"end":{"line":76,"column":36}}],"line":76},"6":{"loc":{"start":{"line":77,"column":8},"end":{"line":77,"column":null}},"type":"cond-expr","locations":[{"start":{"line":77,"column":19},"end":{"line":77,"column":122}},{"start":{"line":77,"column":122},"end":{"line":77,"column":null}}],"line":77}},"s":{"0":1,"1":0,"2":0,"3":0,"4":0,"5":2,"6":2,"7":2,"8":0,"9":0,"10":0,"11":0,"12":0,"13":0,"14":0,"15":0,"16":0,"17":0},"f":{"0":0,"1":2,"2":0,"3":0},"b":{"0":[1,1],"1":[2,0],"2":[0,0],"3":[0,0],"4":[0,0],"5":[0,0],"6":[0,0]},"meta":{"lastBranch":7,"lastFunction":4,"lastStatement":18,"seen":{"s:1:19:1:Infinity":0,"b:1:19:1:52:1:52:1:Infinity":0,"f:3:15:3:27":0,"s:4:2:9:Infinity":1,"s:5:23:5:Infinity":2,"s:6:4:6:Infinity":3,"s:8:4:8:Infinity":4,"f:12:22:12:32":1,"b:21:2:24:Infinity:undefined:undefined:undefined:undefined":1,"s:21:2:24:Infinity":5,"s:22:4:22:Infinity":6,"s:23:4:23:Infinity":7,"s:26:2:41:Infinity":8,"s:27:19:27:Infinity":9,"b:28:4:31:Infinity:undefined:undefined:undefined:undefined":2,"s:28:4:31:Infinity":10,"s:29:6:29:Infinity":11,"s:30:6:30:Infinity":12,"s:33:4:38:Infinity":13,"s:40:4:40:Infinity":14,"f:44:22:44:39":2,"s:45:2:59:Infinity":15,"f:62:22:62:Infinity":3,"s:68:17:68:Infinity":16,"b:68:27:68:39:68:39:68:Infinity":3,"s:70:2:79:Infinity":17,"b:76:36:76:114:76:114:76:Infinity":4,"b:76:8:76:19:76:19:76:36":5,"b:77:19:77:122:77:122:77:Infinity":6}}}
,"D:\\git-projects\\Omnysync\\src\\lib\\errors.ts": {"path":"D:\\git-projects\\Omnysync\\src\\lib\\errors.ts","statementMap":{"0":{"start":{"line":1,"column":33},"end":{"line":1,"column":null}},"1":{"start":{"line":2,"column":37},"end":{"line":2,"column":null}},"2":{"start":{"line":3,"column":35},"end":{"line":3,"column":null}},"3":{"start":{"line":4,"column":32},"end":{"line":4,"column":null}},"4":{"start":{"line":5,"column":32},"end":{"line":5,"column":null}},"5":{"start":{"line":6,"column":30},"end":{"line":6,"column":null}},"6":{"start":{"line":7,"column":32},"end":{"line":7,"column":null}},"7":{"start":{"line":8,"column":33},"end":{"line":8,"column":null}}},"fnMap":{},"branchMap":{},"s":{"0":3,"1":3,"2":3,"3":3,"4":3,"5":3,"6":3,"7":3},"f":{},"b":{},"meta":{"lastBranch":0,"lastFunction":0,"lastStatement":8,"seen":{"s:1:33:1:Infinity":0,"s:2:37:2:Infinity":1,"s:3:35:3:Infinity":2,"s:4:32:4:Infinity":3,"s:5:32:5:Infinity":4,"s:6:30:6:Infinity":5,"s:7:32:7:Infinity":6,"s:8:33:8:Infinity":7}}}
,"D:\\git-projects\\Omnysync\\src\\lib\\i18n\\en.json": {"path":"D:\\git-projects\\Omnysync\\src\\lib\\i18n\\en.json","statementMap":{"0":{"start":{"line":1,"column":28},"end":{"line":1,"column":38}},"1":{"start":{"line":2,"column":32},"end":{"line":2,"column":46}},"2":{"start":{"line":3,"column":27},"end":{"line":3,"column":36}},"3":{"start":{"line":4,"column":27},"end":{"line":4,"column":36}},"4":{"start":{"line":5,"column":26},"end":{"line":5,"column":41}},"5":{"start":{"line":6,"column":29},"end":{"line":6,"column":55}},"6":{"start":{"line":7,"column":29},"end":{"line":7,"column":122}},"7":{"start":{"line":8,"column":32},"end":{"line":8,"column":50}},"8":{"start":{"line":9,"column":34},"end":{"line":9,"column":45}},"9":{"start":{"line":10,"column":35},"end":{"line":10,"column":60}},"10":{"start":{"line":11,"column":30},"end":{"line":11,"column":49}},"11":{"start":{"line":12,"column":33},"end":{"line":12,"column":94}},"12":{"start":{"line":13,"column":37},"end":{"line":13,"column":51}},"13":{"start":{"line":14,"column":36},"end":{"line":14,"column":103}},"14":{"start":{"line":15,"column":39},"end":{"line":15,"column":60}},"15":{"start":{"line":16,"column":38},"end":{"line":16,"column":88}},"16":{"start":{"line":17,"column":40},"end":{"line":17,"column":62}},"17":{"start":{"line":18,"column":39},"end":{"line":18,"column":99}},"18":{"start":{"line":19,"column":34},"end":{"line":19,"column":48}},"19":{"start":{"line":20,"column":37},"end":{"line":20,"column":61}},"20":{"start":{"line":21,"column":28},"end":{"line":21,"column":37}},"21":{"start":{"line":22,"column":27},"end":{"line":22,"column":86}},"22":{"start":{"line":23,"column":28},"end":{"line":23,"column":36}},"23":{"start":{"line":24,"column":27},"end":{"line":24,"column":72}},"24":{"start":{"line":25,"column":28},"end":{"line":25,"column":34}},"25":{"start":{"line":26,"column":27},"end":{"line":26,"column":86}},"26":{"start":{"line":27,"column":33},"end":{"line":27,"column":56}},"27":{"start":{"line":28,"column":36},"end":{"line":28,"column":81}},"28":{"start":{"line":29,"column":32},"end":{"line":29,"column":48}},"29":{"start":{"line":30,"column":30},"end":{"line":30,"column":39}},"30":{"start":{"line":31,"column":28},"end":{"line":31,"column":35}},"31":{"start":{"line":32,"column":32},"end":{"line":32,"column":71}},"32":{"start":{"line":33,"column":29},"end":{"line":33,"column":58}},"33":{"start":{"line":34,"column":32},"end":{"line":34,"column":70}},"34":{"start":{"line":35,"column":30},"end":{"line":35,"column":36}},"35":{"start":{"line":36,"column":31},"end":{"line":36,"column":35}},"36":{"start":{"line":37,"column":32},"end":{"line":37,"column":41}},"37":{"start":{"line":38,"column":37},"end":{"line":38,"column":70}},"38":{"start":{"line":39,"column":29},"end":{"line":39,"column":34}},"39":{"start":{"line":40,"column":30},"end":{"line":40,"column":35}},"40":{"start":{"line":41,"column":31},"end":{"line":41,"column":42}},"41":{"start":{"line":42,"column":36},"end":{"line":42,"column":71}},"42":{"start":{"line":43,"column":34},"end":{"line":43,"column":44}},"43":{"start":{"line":44,"column":35},"end":{"line":44,"column":40}},"44":{"start":{"line":45,"column":36},"end":{"line":45,"column":47}},"45":{"start":{"line":46,"column":41},"end":{"line":46,"column":65}},"46":{"start":{"line":47,"column":29},"end":{"line":47,"column":43}},"47":{"start":{"line":48,"column":30},"end":{"line":48,"column":46}},"48":{"start":{"line":49,"column":31},"end":{"line":49,"column":49}},"49":{"start":{"line":50,"column":33},"end":{"line":50,"column":48}},"50":{"start":{"line":51,"column":33},"end":{"line":51,"column":53}},"51":{"start":{"line":52,"column":37},"end":{"line":52,"column":65}},"52":{"start":{"line":53,"column":35},"end":{"line":53,"column":56}},"53":{"start":{"line":54,"column":32},"end":{"line":54,"column":59}},"54":{"start":{"line":55,"column":32},"end":{"line":55,"column":57}},"55":{"start":{"line":56,"column":30},"end":{"line":56,"column":50}},"56":{"start":{"line":57,"column":32},"end":{"line":57,"column":56}},"57":{"start":{"line":58,"column":33},"end":{"line":58,"column":58}},"58":{"start":{"line":59,"column":37},"end":{"line":59,"column":72}},"59":{"start":{"line":60,"column":31},"end":{"line":60,"column":57}},"60":{"start":{"line":61,"column":33},"end":{"line":61,"column":61}},"61":{"start":{"line":62,"column":32},"end":{"line":62,"column":60}},"62":{"start":{"line":63,"column":35},"end":{"line":63,"column":56}},"63":{"start":{"line":64,"column":34},"end":{"line":64,"column":51}},"64":{"start":{"line":65,"column":32},"end":{"line":65,"column":60}},"65":{"start":{"line":66,"column":29},"end":{"line":66,"column":52}},"66":{"start":{"line":67,"column":28},"end":{"line":67,"column":61}},"67":{"start":{"line":68,"column":32},"end":{"line":68,"column":58}},"68":{"start":{"line":69,"column":30},"end":{"line":69,"column":43}},"69":{"start":{"line":70,"column":26},"end":{"line":70,"column":51}},"70":{"start":{"line":71,"column":25},"end":{"line":71,"column":48}},"71":{"start":{"line":72,"column":31},"end":{"line":72,"column":51}},"72":{"start":{"line":73,"column":36},"end":{"line":73,"column":56}},"73":{"start":{"line":74,"column":27},"end":{"line":74,"column":48}},"74":{"start":{"line":75,"column":32},"end":{"line":75,"column":47}},"75":{"start":{"line":76,"column":30},"end":{"line":76,"column":64}},"76":{"start":{"line":77,"column":25},"end":{"line":77,"column":33}},"77":{"start":{"line":78,"column":44},"end":{"line":78,"column":61}},"78":{"start":{"line":79,"column":30},"end":{"line":79,"column":43}},"79":{"start":{"line":80,"column":25},"end":{"line":80,"column":33}},"80":{"start":{"line":81,"column":27},"end":{"line":81,"column":37}},"81":{"start":{"line":82,"column":34},"end":{"line":82,"column":51}},"82":{"start":{"line":83,"column":32},"end":{"line":83,"column":68}},"83":{"start":{"line":84,"column":27},"end":{"line":84,"column":37}},"84":{"start":{"line":85,"column":46},"end":{"line":85,"column":65}},"85":{"start":{"line":86,"column":30},"end":{"line":86,"column":43}},"86":{"start":{"line":87,"column":35},"end":{"line":87,"column":68}},"87":{"start":{"line":88,"column":27},"end":{"line":88,"column":37}},"88":{"start":{"line":89,"column":37},"end":{"line":89,"column":59}},"89":{"start":{"line":90,"column":28},"end":{"line":90,"column":39}},"90":{"start":{"line":91,"column":24},"end":{"line":91,"column":31}},"91":{"start":{"line":92,"column":26},"end":{"line":92,"column":35}},"92":{"start":{"line":93,"column":26},"end":{"line":93,"column":35}},"93":{"start":{"line":94,"column":27},"end":{"line":94,"column":37}},"94":{"start":{"line":95,"column":32},"end":{"line":95,"column":47}},"95":{"start":{"line":96,"column":29},"end":{"line":96,"column":61}},"96":{"start":{"line":97,"column":29},"end":{"line":97,"column":54}},"97":{"start":{"line":98,"column":35},"end":{"line":98,"column":64}},"98":{"start":{"line":99,"column":31},"end":{"line":99,"column":55}},"99":{"start":{"line":100,"column":37},"end":{"line":100,"column":63}},"100":{"start":{"line":101,"column":36},"end":{"line":101,"column":55}},"101":{"start":{"line":102,"column":35},"end":{"line":102,"column":53}},"102":{"start":{"line":103,"column":41},"end":{"line":103,"column":65}},"103":{"start":{"line":104,"column":38},"end":{"line":104,"column":59}},"104":{"start":{"line":105,"column":32},"end":{"line":105,"column":61}},"105":{"start":{"line":106,"column":27},"end":{"line":106,"column":46}},"106":{"start":{"line":107,"column":30},"end":{"line":107,"column":38}},"107":{"start":{"line":108,"column":35},"end":{"line":108,"column":54}},"108":{"start":{"line":109,"column":32},"end":{"line":109,"column":42}},"109":{"start":{"line":110,"column":37},"end":{"line":110,"column":58}},"110":{"start":{"line":111,"column":35},"end":{"line":111,"column":48}},"111":{"start":{"line":112,"column":40},"end":{"line":112,"column":67}},"112":{"start":{"line":113,"column":26},"end":{"line":113,"column":30}},"113":{"start":{"line":114,"column":31},"end":{"line":114,"column":51}},"114":{"start":{"line":115,"column":28},"end":{"line":115,"column":45}},"115":{"start":{"line":116,"column":33},"end":{"line":116,"column":53}},"116":{"start":{"line":117,"column":28},"end":{"line":117,"column":39}},"117":{"start":{"line":118,"column":28},"end":{"line":118,"column":39}},"118":{"start":{"line":119,"column":29},"end":{"line":119,"column":41}},"119":{"start":{"line":120,"column":23},"end":{"line":120,"column":40}},"120":{"start":{"line":121,"column":27},"end":{"line":121,"column":37}},"121":{"start":{"line":122,"column":29},"end":{"line":122,"column":40}},"122":{"start":{"line":123,"column":35},"end":{"line":123,"column":47}},"123":{"start":{"line":124,"column":25},"end":{"line":124,"column":39}},"124":{"start":{"line":125,"column":25},"end":{"line":125,"column":33}},"125":{"start":{"line":126,"column":31},"end":{"line":126,"column":45}},"126":{"start":{"line":127,"column":28},"end":{"line":127,"column":39}},"127":{"start":{"line":128,"column":32},"end":{"line":128,"column":47}},"128":{"start":{"line":129,"column":25},"end":{"line":129,"column":33}},"129":{"start":{"line":130,"column":26},"end":{"line":130,"column":35}},"130":{"start":{"line":131,"column":25},"end":{"line":131,"column":34}},"131":{"start":{"line":132,"column":27},"end":{"line":132,"column":42}},"132":{"start":{"line":133,"column":32},"end":{"line":133,"column":69}},"133":{"start":{"line":134,"column":26},"end":{"line":134,"column":44}},"134":{"start":{"line":135,"column":30},"end":{"line":135,"column":76}},"135":{"start":{"line":136,"column":26},"end":{"line":136,"column":35}},"136":{"start":{"line":137,"column":33},"end":{"line":137,"column":71}},"137":{"start":{"line":138,"column":31},"end":{"line":138,"column":60}},"138":{"start":{"line":139,"column":30},"end":{"line":139,"column":66}},"139":{"start":{"line":140,"column":36},"end":{"line":140,"column":74}},"140":{"start":{"line":141,"column":26},"end":{"line":141,"column":35}},"141":{"start":{"line":142,"column":31},"end":{"line":142,"column":58}},"142":{"start":{"line":143,"column":27},"end":{"line":143,"column":37}},"143":{"start":{"line":144,"column":32},"end":{"line":144,"column":54}},"144":{"start":{"line":145,"column":30},"end":{"line":145,"column":74}},"145":{"start":{"line":146,"column":23},"end":{"line":146,"column":29}},"146":{"start":{"line":147,"column":26},"end":{"line":147,"column":35}},"147":{"start":{"line":148,"column":31},"end":{"line":148,"column":45}},"148":{"start":{"line":149,"column":37},"end":{"line":149,"column":71}},"149":{"start":{"line":150,"column":33},"end":{"line":150,"column":60}},"150":{"start":{"line":151,"column":34},"end":{"line":151,"column":53}},"151":{"start":{"line":152,"column":29},"end":{"line":152,"column":57}},"152":{"start":{"line":153,"column":30},"end":{"line":153,"column":50}},"153":{"start":{"line":154,"column":34},"end":{"line":154,"column":51}},"154":{"start":{"line":155,"column":30},"end":{"line":155,"column":57}},"155":{"start":{"line":156,"column":33},"end":{"line":156,"column":77}},"156":{"start":{"line":157,"column":37},"end":{"line":157,"column":88}},"157":{"start":{"line":158,"column":29},"end":{"line":158,"column":63}},"158":{"start":{"line":159,"column":23},"end":{"line":159,"column":29}},"159":{"start":{"line":160,"column":24},"end":{"line":160,"column":31}},"160":{"start":{"line":161,"column":29},"end":{"line":161,"column":45}},"161":{"start":{"line":162,"column":31},"end":{"line":162,"column":53}},"162":{"start":{"line":163,"column":32},"end":{"line":163,"column":49}}},"fnMap":{},"branchMap":{},"s":{"0":1,"1":1,"2":1,"3":1,"4":1,"5":1,"6":1,"7":1,"8":1,"9":1,"10":1,"11":1,"12":1,"13":1,"14":1,"15":1,"16":1,"17":1,"18":1,"19":1,"20":1,"21":1,"22":1,"23":1,"24":1,"25":1,"26":1,"27":1,"28":1,"29":1,"30":1,"31":1,"32":1,"33":1,"34":1,"35":1,"36":1,"37":1,"38":1,"39":1,"40":1,"41":1,"42":1,"43":1,"44":1,"45":1,"46":1,"47":1,"48":1,"49":1,"50":1,"51":1,"52":1,"53":1,"54":1,"55":1,"56":1,"57":1,"58":1,"59":1,"60":1,"61":1,"62":1,"63":1,"64":1,"65":1,"66":1,"67":1,"68":1,"69":1,"70":1,"71":1,"72":1,"73":1,"74":1,"75":1,"76":1,"77":1,"78":1,"79":1,"80":1,"81":1,"82":1,"83":1,"84":1,"85":1,"86":1,"87":1,"88":1,"89":1,"90":1,"91":1,"92":1,"93":1,"94":1,"95":1,"96":1,"97":1,"98":1,"99":1,"100":1,"101":1,"102":1,"103":1,"104":1,"105":1,"106":1,"107":1,"108":1,"109":1,"110":1,"111":1,"112":1,"113":1,"114":1,"115":1,"116":1,"117":1,"118":1,"119":1,"120":1,"121":1,"122":1,"123":1,"124":1,"125":1,"126":1,"127":1,"128":1,"129":1,"130":1,"131":1,"132":1,"133":1,"134":1,"135":1,"136":1,"137":1,"138":1,"139":1,"140":1,"141":1,"142":1,"143":1,"144":1,"145":1,"146":1,"147":1,"148":1,"149":1,"150":1,"151":1,"152":1,"153":1,"154":1,"155":1,"156":1,"157":1,"158":1,"159":1,"160":1,"161":1,"162":1},"f":{},"b":{},"meta":{"lastBranch":0,"lastFunction":0,"lastStatement":163,"seen":{"s:1:28:1:38":0,"s:2:32:2:46":1,"s:3:27:3:36":2,"s:4:27:4:36":3,"s:5:26:5:41":4,"s:6:29:6:55":5,"s:7:29:7:122":6,"s:8:32:8:50":7,"s:9:34:9:45":8,"s:10:35:10:60":9,"s:11:30:11:49":10,"s:12:33:12:94":11,"s:13:37:13:51":12,"s:14:36:14:103":13,"s:15:39:15:60":14,"s:16:38:16:88":15,"s:17:40:17:62":16,"s:18:39:18:99":17,"s:19:34:19:48":18,"s:20:37:20:61":19,"s:21:28:21:37":20,"s:22:27:22:86":21,"s:23:28:23:36":22,"s:24:27:24:72":23,"s:25:28:25:34":24,"s:26:27:26:86":25,"s:27:33:27:56":26,"s:28:36:28:81":27,"s:29:32:29:48":28,"s:30:30:30:39":29,"s:31:28:31:35":30,"s:32:32:32:71":31,"s:33:29:33:58":32,"s:34:32:34:70":33,"s:35:30:35:36":34,"s:36:31:36:35":35,"s:37:32:37:41":36,"s:38:37:38:70":37,"s:39:29:39:34":38,"s:40:30:40:35":39,"s:41:31:41:42":40,"s:42:36:42:71":41,"s:43:34:43:44":42,"s:44:35:44:40":43,"s:45:36:45:47":44,"s:46:41:46:65":45,"s:47:29:47:43":46,"s:48:30:48:46":47,"s:49:31:49:49":48,"s:50:33:50:48":49,"s:51:33:51:53":50,"s:52:37:52:65":51,"s:53:35:53:56":52,"s:54:32:54:59":53,"s:55:32:55:57":54,"s:56:30:56:50":55,"s:57:32:57:56":56,"s:58:33:58:58":57,"s:59:37:59:72":58,"s:60:31:60:57":59,"s:61:33:61:61":60,"s:62:32:62:60":61,"s:63:35:63:56":62,"s:64:34:64:51":63,"s:65:32:65:60":64,"s:66:29:66:52":65,"s:67:28:67:61":66,"s:68:32:68:58":67,"s:69:30:69:43":68,"s:70:26:70:51":69,"s:71:25:71:48":70,"s:72:31:72:51":71,"s:73:36:73:56":72,"s:74:27:74:48":73,"s:75:32:75:47":74,"s:76:30:76:64":75,"s:77:25:77:33":76,"s:78:44:78:61":77,"s:79:30:79:43":78,"s:80:25:80:33":79,"s:81:27:81:37":80,"s:82:34:82:51":81,"s:83:32:83:68":82,"s:84:27:84:37":83,"s:85:46:85:65":84,"s:86:30:86:43":85,"s:87:35:87:68":86,"s:88:27:88:37":87,"s:89:37:89:59":88,"s:90:28:90:39":89,"s:91:24:91:31":90,"s:92:26:92:35":91,"s:93:26:93:35":92,"s:94:27:94:37":93,"s:95:32:95:47":94,"s:96:29:96:61":95,"s:97:29:97:54":96,"s:98:35:98:64":97,"s:99:31:99:55":98,"s:100:37:100:63":99,"s:101:36:101:55":100,"s:102:35:102:53":101,"s:103:41:103:65":102,"s:104:38:104:59":103,"s:105:32:105:61":104,"s:106:27:106:46":105,"s:107:30:107:38":106,"s:108:35:108:54":107,"s:109:32:109:42":108,"s:110:37:110:58":109,"s:111:35:111:48":110,"s:112:40:112:67":111,"s:113:26:113:30":112,"s:114:31:114:51":113,"s:115:28:115:45":114,"s:116:33:116:53":115,"s:117:28:117:39":116,"s:118:28:118:39":117,"s:119:29:119:41":118,"s:120:23:120:40":119,"s:121:27:121:37":120,"s:122:29:122:40":121,"s:123:35:123:47":122,"s:124:25:124:39":123,"s:125:25:125:33":124,"s:126:31:126:45":125,"s:127:28:127:39":126,"s:128:32:128:47":127,"s:129:25:129:33":128,"s:130:26:130:35":129,"s:131:25:131:34":130,"s:132:27:132:42":131,"s:133:32:133:69":132,"s:134:26:134:44":133,"s:135:30:135:76":134,"s:136:26:136:35":135,"s:137:33:137:71":136,"s:138:31:138:60":137,"s:139:30:139:66":138,"s:140:36:140:74":139,"s:141:26:141:35":140,"s:142:31:142:58":141,"s:143:27:143:37":142,"s:144:32:144:54":143,"s:145:30:145:74":144,"s:146:23:146:29":145,"s:147:26:147:35":146,"s:148:31:148:45":147,"s:149:37:149:71":148,"s:150:33:150:60":149,"s:151:34:151:53":150,"s:152:29:152:57":151,"s:153:30:153:50":152,"s:154:34:154:51":153,"s:155:30:155:57":154,"s:156:33:156:77":155,"s:157:37:157:88":156,"s:158:29:158:63":157,"s:159:23:159:29":158,"s:160:24:160:31":159,"s:161:29:161:45":160,"s:162:31:162:53":161,"s:163:32:163:49":162}}}
,"D:\\git-projects\\Omnysync\\src\\lib\\i18n\\fr.json": {"path":"D:\\git-projects\\Omnysync\\src\\lib\\i18n\\fr.json","statementMap":{"0":{"start":{"line":1,"column":28},"end":{"line":1,"column":45}},"1":{"start":{"line":2,"column":32},"end":{"line":2,"column":51}},"2":{"start":{"line":3,"column":27},"end":{"line":3,"column":35}},"3":{"start":{"line":4,"column":27},"end":{"line":4,"column":38}},"4":{"start":{"line":5,"column":26},"end":{"line":5,"column":43}},"5":{"start":{"line":6,"column":29},"end":{"line":6,"column":53}},"6":{"start":{"line":7,"column":29},"end":{"line":7,"column":135}},"7":{"start":{"line":8,"column":32},"end":{"line":8,"column":56}},"8":{"start":{"line":9,"column":34},"end":{"line":9,"column":48}},"9":{"start":{"line":10,"column":35},"end":{"line":10,"column":67}},"10":{"start":{"line":11,"column":30},"end":{"line":11,"column":58}},"11":{"start":{"line":12,"column":33},"end":{"line":12,"column":116}},"12":{"start":{"line":13,"column":37},"end":{"line":13,"column":71}},"13":{"start":{"line":14,"column":36},"end":{"line":14,"column":112}},"14":{"start":{"line":15,"column":39},"end":{"line":15,"column":66}},"15":{"start":{"line":16,"column":38},"end":{"line":16,"column":116}},"16":{"start":{"line":17,"column":40},"end":{"line":17,"column":63}},"17":{"start":{"line":18,"column":39},"end":{"line":18,"column":99}},"18":{"start":{"line":19,"column":34},"end":{"line":19,"column":53}},"19":{"start":{"line":20,"column":37},"end":{"line":20,"column":68}},"20":{"start":{"line":21,"column":28},"end":{"line":21,"column":39}},"21":{"start":{"line":22,"column":27},"end":{"line":22,"column":99}},"22":{"start":{"line":23,"column":28},"end":{"line":23,"column":35}},"23":{"start":{"line":24,"column":27},"end":{"line":24,"column":78}},"24":{"start":{"line":25,"column":28},"end":{"line":25,"column":42}},"25":{"start":{"line":26,"column":27},"end":{"line":26,"column":94}},"26":{"start":{"line":27,"column":33},"end":{"line":27,"column":53}},"27":{"start":{"line":28,"column":36},"end":{"line":28,"column":115}},"28":{"start":{"line":29,"column":32},"end":{"line":29,"column":56}},"29":{"start":{"line":30,"column":30},"end":{"line":30,"column":47}},"30":{"start":{"line":31,"column":28},"end":{"line":31,"column":40}},"31":{"start":{"line":32,"column":32},"end":{"line":32,"column":72}},"32":{"start":{"line":33,"column":29},"end":{"line":33,"column":61}},"33":{"start":{"line":34,"column":32},"end":{"line":34,"column":81}},"34":{"start":{"line":35,"column":30},"end":{"line":35,"column":39}},"35":{"start":{"line":36,"column":31},"end":{"line":36,"column":35}},"36":{"start":{"line":37,"column":32},"end":{"line":37,"column":47}},"37":{"start":{"line":38,"column":37},"end":{"line":38,"column":74}},"38":{"start":{"line":39,"column":29},"end":{"line":39,"column":34}},"39":{"start":{"line":40,"column":30},"end":{"line":40,"column":35}},"40":{"start":{"line":41,"column":31},"end":{"line":41,"column":41}},"41":{"start":{"line":42,"column":36},"end":{"line":42,"column":80}},"42":{"start":{"line":43,"column":34},"end":{"line":43,"column":44}},"43":{"start":{"line":44,"column":35},"end":{"line":44,"column":40}},"44":{"start":{"line":45,"column":36},"end":{"line":45,"column":46}},"45":{"start":{"line":46,"column":41},"end":{"line":46,"column":77}},"46":{"start":{"line":47,"column":29},"end":{"line":47,"column":45}},"47":{"start":{"line":48,"column":30},"end":{"line":48,"column":54}},"48":{"start":{"line":49,"column":31},"end":{"line":49,"column":46}},"49":{"start":{"line":50,"column":33},"end":{"line":50,"column":55}},"50":{"start":{"line":51,"column":33},"end":{"line":51,"column":54}},"51":{"start":{"line":52,"column":37},"end":{"line":52,"column":65}},"52":{"start":{"line":53,"column":35},"end":{"line":53,"column":61}},"53":{"start":{"line":54,"column":32},"end":{"line":54,"column":57}},"54":{"start":{"line":55,"column":32},"end":{"line":55,"column":58}},"55":{"start":{"line":56,"column":30},"end":{"line":56,"column":55}},"56":{"start":{"line":57,"column":32},"end":{"line":57,"column":60}},"57":{"start":{"line":58,"column":33},"end":{"line":58,"column":70}},"58":{"start":{"line":59,"column":37},"end":{"line":59,"column":82}},"59":{"start":{"line":60,"column":31},"end":{"line":60,"column":60}},"60":{"start":{"line":61,"column":33},"end":{"line":61,"column":68}},"61":{"start":{"line":62,"column":32},"end":{"line":62,"column":56}},"62":{"start":{"line":63,"column":35},"end":{"line":63,"column":57}},"63":{"start":{"line":64,"column":34},"end":{"line":64,"column":52}},"64":{"start":{"line":65,"column":32},"end":{"line":65,"column":58}},"65":{"start":{"line":66,"column":29},"end":{"line":66,"column":58}},"66":{"start":{"line":67,"column":28},"end":{"line":67,"column":57}},"67":{"start":{"line":68,"column":32},"end":{"line":68,"column":58}},"68":{"start":{"line":69,"column":30},"end":{"line":69,"column":47}},"69":{"start":{"line":70,"column":26},"end":{"line":70,"column":52}},"70":{"start":{"line":71,"column":25},"end":{"line":71,"column":54}},"71":{"start":{"line":72,"column":31},"end":{"line":72,"column":54}},"72":{"start":{"line":73,"column":36},"end":{"line":73,"column":64}},"73":{"start":{"line":74,"column":27},"end":{"line":74,"column":53}},"74":{"start":{"line":75,"column":32},"end":{"line":75,"column":56}},"75":{"start":{"line":76,"column":30},"end":{"line":76,"column":66}},"76":{"start":{"line":77,"column":25},"end":{"line":77,"column":33}},"77":{"start":{"line":78,"column":44},"end":{"line":78,"column":69}},"78":{"start":{"line":79,"column":30},"end":{"line":79,"column":43}},"79":{"start":{"line":80,"column":25},"end":{"line":80,"column":33}},"80":{"start":{"line":81,"column":27},"end":{"line":81,"column":38}},"81":{"start":{"line":82,"column":34},"end":{"line":82,"column":60}},"82":{"start":{"line":83,"column":32},"end":{"line":83,"column":71}},"83":{"start":{"line":84,"column":27},"end":{"line":84,"column":37}},"84":{"start":{"line":85,"column":46},"end":{"line":85,"column":72}},"85":{"start":{"line":86,"column":30},"end":{"line":86,"column":43}},"86":{"start":{"line":87,"column":35},"end":{"line":87,"column":71}},"87":{"start":{"line":88,"column":27},"end":{"line":88,"column":39}},"88":{"start":{"line":89,"column":37},"end":{"line":89,"column":67}},"89":{"start":{"line":90,"column":28},"end":{"line":90,"column":39}},"90":{"start":{"line":91,"column":24},"end":{"line":91,"column":31}},"91":{"start":{"line":92,"column":26},"end":{"line":92,"column":35}},"92":{"start":{"line":93,"column":26},"end":{"line":93,"column":35}},"93":{"start":{"line":94,"column":27},"end":{"line":94,"column":40}},"94":{"start":{"line":95,"column":32},"end":{"line":95,"column":51}},"95":{"start":{"line":96,"column":29},"end":{"line":96,"column":65}},"96":{"start":{"line":97,"column":29},"end":{"line":97,"column":57}},"97":{"start":{"line":98,"column":35},"end":{"line":98,"column":61}},"98":{"start":{"line":99,"column":31},"end":{"line":99,"column":57}},"99":{"start":{"line":100,"column":37},"end":{"line":100,"column":62}},"100":{"start":{"line":101,"column":36},"end":{"line":101,"column":58}},"101":{"start":{"line":102,"column":35},"end":{"line":102,"column":64}},"102":{"start":{"line":103,"column":41},"end":{"line":103,"column":65}},"103":{"start":{"line":104,"column":38},"end":{"line":104,"column":58}},"104":{"start":{"line":105,"column":32},"end":{"line":105,"column":68}},"105":{"start":{"line":106,"column":27},"end":{"line":106,"column":47}},"106":{"start":{"line":107,"column":30},"end":{"line":107,"column":38}},"107":{"start":{"line":108,"column":35},"end":{"line":108,"column":59}},"108":{"start":{"line":109,"column":32},"end":{"line":109,"column":42}},"109":{"start":{"line":110,"column":37},"end":{"line":110,"column":61}},"110":{"start":{"line":111,"column":35},"end":{"line":111,"column":48}},"111":{"start":{"line":112,"column":40},"end":{"line":112,"column":67}},"112":{"start":{"line":113,"column":26},"end":{"line":113,"column":30}},"113":{"start":{"line":114,"column":31},"end":{"line":114,"column":57}},"114":{"start":{"line":115,"column":28},"end":{"line":115,"column":45}},"115":{"start":{"line":116,"column":33},"end":{"line":116,"column":54}},"116":{"start":{"line":117,"column":28},"end":{"line":117,"column":39}},"117":{"start":{"line":118,"column":28},"end":{"line":118,"column":39}},"118":{"start":{"line":119,"column":29},"end":{"line":119,"column":42}},"119":{"start":{"line":120,"column":23},"end":{"line":120,"column":40}},"120":{"start":{"line":121,"column":27},"end":{"line":121,"column":39}},"121":{"start":{"line":122,"column":29},"end":{"line":122,"column":40}},"122":{"start":{"line":123,"column":35},"end":{"line":123,"column":48}},"123":{"start":{"line":124,"column":25},"end":{"line":124,"column":39}},"124":{"start":{"line":125,"column":25},"end":{"line":125,"column":34}},"125":{"start":{"line":126,"column":31},"end":{"line":126,"column":58}},"126":{"start":{"line":127,"column":28},"end":{"line":127,"column":38}},"127":{"start":{"line":128,"column":32},"end":{"line":128,"column":46}},"128":{"start":{"line":129,"column":25},"end":{"line":129,"column":32}},"129":{"start":{"line":130,"column":26},"end":{"line":130,"column":37}},"130":{"start":{"line":131,"column":25},"end":{"line":131,"column":38}},"131":{"start":{"line":132,"column":27},"end":{"line":132,"column":47}},"132":{"start":{"line":133,"column":32},"end":{"line":133,"column":70}},"133":{"start":{"line":134,"column":26},"end":{"line":134,"column":57}},"134":{"start":{"line":135,"column":30},"end":{"line":135,"column":81}},"135":{"start":{"line":136,"column":26},"end":{"line":136,"column":37}},"136":{"start":{"line":137,"column":33},"end":{"line":137,"column":72}},"137":{"start":{"line":138,"column":31},"end":{"line":138,"column":75}},"138":{"start":{"line":139,"column":30},"end":{"line":139,"column":64}},"139":{"start":{"line":140,"column":36},"end":{"line":140,"column":71}},"140":{"start":{"line":141,"column":26},"end":{"line":141,"column":34}},"141":{"start":{"line":142,"column":31},"end":{"line":142,"column":62}},"142":{"start":{"line":143,"column":27},"end":{"line":143,"column":37}},"143":{"start":{"line":144,"column":32},"end":{"line":144,"column":57}},"144":{"start":{"line":145,"column":30},"end":{"line":145,"column":71}},"145":{"start":{"line":146,"column":23},"end":{"line":146,"column":36}},"146":{"start":{"line":147,"column":26},"end":{"line":147,"column":35}},"147":{"start":{"line":148,"column":31},"end":{"line":148,"column":45}},"148":{"start":{"line":149,"column":37},"end":{"line":149,"column":73}},"149":{"start":{"line":150,"column":33},"end":{"line":150,"column":65}},"150":{"start":{"line":151,"column":34},"end":{"line":151,"column":54}},"151":{"start":{"line":152,"column":29},"end":{"line":152,"column":61}},"152":{"start":{"line":153,"column":30},"end":{"line":153,"column":55}},"153":{"start":{"line":154,"column":34},"end":{"line":154,"column":54}},"154":{"start":{"line":155,"column":30},"end":{"line":155,"column":58}},"155":{"start":{"line":156,"column":33},"end":{"line":156,"column":78}},"156":{"start":{"line":157,"column":37},"end":{"line":157,"column":88}},"157":{"start":{"line":158,"column":29},"end":{"line":158,"column":68}},"158":{"start":{"line":159,"column":23},"end":{"line":159,"column":28}},"159":{"start":{"line":160,"column":24},"end":{"line":160,"column":31}},"160":{"start":{"line":161,"column":29},"end":{"line":161,"column":45}},"161":{"start":{"line":162,"column":31},"end":{"line":162,"column":53}},"162":{"start":{"line":163,"column":32},"end":{"line":163,"column":55}}},"fnMap":{},"branchMap":{},"s":{"0":1,"1":1,"2":1,"3":1,"4":1,"5":1,"6":1,"7":1,"8":1,"9":1,"10":1,"11":1,"12":1,"13":1,"14":1,"15":1,"16":1,"17":1,"18":1,"19":1,"20":1,"21":1,"22":1,"23":1,"24":1,"25":1,"26":1,"27":1,"28":1,"29":1,"30":1,"31":1,"32":1,"33":1,"34":1,"35":1,"36":1,"37":1,"38":1,"39":1,"40":1,"41":1,"42":1,"43":1,"44":1,"45":1,"46":1,"47":1,"48":1,"49":1,"50":1,"51":1,"52":1,"53":1,"54":1,"55":1,"56":1,"57":1,"58":1,"59":1,"60":1,"61":1,"62":1,"63":1,"64":1,"65":1,"66":1,"67":1,"68":1,"69":1,"70":1,"71":1,"72":1,"73":1,"74":1,"75":1,"76":1,"77":1,"78":1,"79":1,"80":1,"81":1,"82":1,"83":1,"84":1,"85":1,"86":1,"87":1,"88":1,"89":1,"90":1,"91":1,"92":1,"93":1,"94":1,"95":1,"96":1,"97":1,"98":1,"99":1,"100":1,"101":1,"102":1,"103":1,"104":1,"105":1,"106":1,"107":1,"108":1,"109":1,"110":1,"111":1,"112":1,"113":1,"114":1,"115":1,"116":1,"117":1,"118":1,"119":1,"120":1,"121":1,"122":1,"123":1,"124":1,"125":1,"126":1,"127":1,"128":1,"129":1,"130":1,"131":1,"132":1,"133":1,"134":1,"135":1,"136":1,"137":1,"138":1,"139":1,"140":1,"141":1,"142":1,"143":1,"144":1,"145":1,"146":1,"147":1,"148":1,"149":1,"150":1,"151":1,"152":1,"153":1,"154":1,"155":1,"156":1,"157":1,"158":1,"159":1,"160":1,"161":1,"162":1},"f":{},"b":{},"meta":{"lastBranch":0,"lastFunction":0,"lastStatement":163,"seen":{"s:1:28:1:45":0,"s:2:32:2:51":1,"s:3:27:3:35":2,"s:4:27:4:38":3,"s:5:26:5:43":4,"s:6:29:6:53":5,"s:7:29:7:135":6,"s:8:32:8:56":7,"s:9:34:9:48":8,"s:10:35:10:67":9,"s:11:30:11:58":10,"s:12:33:12:116":11,"s:13:37:13:71":12,"s:14:36:14:112":13,"s:15:39:15:66":14,"s:16:38:16:116":15,"s:17:40:17:63":16,"s:18:39:18:99":17,"s:19:34:19:53":18,"s:20:37:20:68":19,"s:21:28:21:39":20,"s:22:27:22:99":21,"s:23:28:23:35":22,"s:24:27:24:78":23,"s:25:28:25:42":24,"s:26:27:26:94":25,"s:27:33:27:53":26,"s:28:36:28:115":27,"s:29:32:29:56":28,"s:30:30:30:47":29,"s:31:28:31:40":30,"s:32:32:32:72":31,"s:33:29:33:61":32,"s:34:32:34:81":33,"s:35:30:35:39":34,"s:36:31:36:35":35,"s:37:32:37:47":36,"s:38:37:38:74":37,"s:39:29:39:34":38,"s:40:30:40:35":39,"s:41:31:41:41":40,"s:42:36:42:80":41,"s:43:34:43:44":42,"s:44:35:44:40":43,"s:45:36:45:46":44,"s:46:41:46:77":45,"s:47:29:47:45":46,"s:48:30:48:54":47,"s:49:31:49:46":48,"s:50:33:50:55":49,"s:51:33:51:54":50,"s:52:37:52:65":51,"s:53:35:53:61":52,"s:54:32:54:57":53,"s:55:32:55:58":54,"s:56:30:56:55":55,"s:57:32:57:60":56,"s:58:33:58:70":57,"s:59:37:59:82":58,"s:60:31:60:60":59,"s:61:33:61:68":60,"s:62:32:62:56":61,"s:63:35:63:57":62,"s:64:34:64:52":63,"s:65:32:65:58":64,"s:66:29:66:58":65,"s:67:28:67:57":66,"s:68:32:68:58":67,"s:69:30:69:47":68,"s:70:26:70:52":69,"s:71:25:71:54":70,"s:72:31:72:54":71,"s:73:36:73:64":72,"s:74:27:74:53":73,"s:75:32:75:56":74,"s:76:30:76:66":75,"s:77:25:77:33":76,"s:78:44:78:69":77,"s:79:30:79:43":78,"s:80:25:80:33":79,"s:81:27:81:38":80,"s:82:34:82:60":81,"s:83:32:83:71":82,"s:84:27:84:37":83,"s:85:46:85:72":84,"s:86:30:86:43":85,"s:87:35:87:71":86,"s:88:27:88:39":87,"s:89:37:89:67":88,"s:90:28:90:39":89,"s:91:24:91:31":90,"s:92:26:92:35":91,"s:93:26:93:35":92,"s:94:27:94:40":93,"s:95:32:95:51":94,"s:96:29:96:65":95,"s:97:29:97:57":96,"s:98:35:98:61":97,"s:99:31:99:57":98,"s:100:37:100:62":99,"s:101:36:101:58":100,"s:102:35:102:64":101,"s:103:41:103:65":102,"s:104:38:104:58":103,"s:105:32:105:68":104,"s:106:27:106:47":105,"s:107:30:107:38":106,"s:108:35:108:59":107,"s:109:32:109:42":108,"s:110:37:110:61":109,"s:111:35:111:48":110,"s:112:40:112:67":111,"s:113:26:113:30":112,"s:114:31:114:57":113,"s:115:28:115:45":114,"s:116:33:116:54":115,"s:117:28:117:39":116,"s:118:28:118:39":117,"s:119:29:119:42":118,"s:120:23:120:40":119,"s:121:27:121:39":120,"s:122:29:122:40":121,"s:123:35:123:48":122,"s:124:25:124:39":123,"s:125:25:125:34":124,"s:126:31:126:58":125,"s:127:28:127:38":126,"s:128:32:128:46":127,"s:129:25:129:32":128,"s:130:26:130:37":129,"s:131:25:131:38":130,"s:132:27:132:47":131,"s:133:32:133:70":132,"s:134:26:134:57":133,"s:135:30:135:81":134,"s:136:26:136:37":135,"s:137:33:137:72":136,"s:138:31:138:75":137,"s:139:30:139:64":138,"s:140:36:140:71":139,"s:141:26:141:34":140,"s:142:31:142:62":141,"s:143:27:143:37":142,"s:144:32:144:57":143,"s:145:30:145:71":144,"s:146:23:146:36":145,"s:147:26:147:35":146,"s:148:31:148:45":147,"s:149:37:149:73":148,"s:150:33:150:65":149,"s:151:34:151:54":150,"s:152:29:152:61":151,"s:153:30:153:55":152,"s:154:34:154:54":153,"s:155:30:155:58":154,"s:156:33:156:78":155,"s:157:37:157:88":156,"s:158:29:158:68":157,"s:159:23:159:28":158,"s:160:24:160:31":159,"s:161:29:161:45":160,"s:162:31:162:53":161,"s:163:32:163:55":162}}}
,"D:\\git-projects\\Omnysync\\src\\lib\\services\\airtable.ts": {"path":"D:\\git-projects\\Omnysync\\src\\lib\\services\\airtable.ts","statementMap":{"0":{"start":{"line":11,"column":4},"end":{"line":11,"column":null}},"1":{"start":{"line":8,"column":11},"end":{"line":8,"column":null}},"2":{"start":{"line":12,"column":4},"end":{"line":12,"column":null}},"3":{"start":{"line":16,"column":21},"end":{"line":16,"column":null}},"4":{"start":{"line":39,"column":2},"end":{"line":48,"column":null}},"5":{"start":{"line":40,"column":17},"end":{"line":44,"column":null}},"6":{"start":{"line":45,"column":4},"end":{"line":45,"column":null}},"7":{"start":{"line":47,"column":4},"end":{"line":47,"column":null}},"8":{"start":{"line":55,"column":2},"end":{"line":67,"column":null}},"9":{"start":{"line":56,"column":17},"end":{"line":63,"column":null}},"10":{"start":{"line":64,"column":4},"end":{"line":64,"column":null}},"11":{"start":{"line":66,"column":4},"end":{"line":66,"column":null}},"12":{"start":{"line":83,"column":17},"end":{"line":83,"column":null}},"13":{"start":{"line":85,"column":2},"end":{"line":87,"column":null}},"14":{"start":{"line":86,"column":4},"end":{"line":86,"column":null}},"15":{"start":{"line":88,"column":2},"end":{"line":90,"column":null}},"16":{"start":{"line":89,"column":4},"end":{"line":89,"column":null}},"17":{"start":{"line":91,"column":2},"end":{"line":93,"column":null}},"18":{"start":{"line":92,"column":4},"end":{"line":92,"column":null}},"19":{"start":{"line":95,"column":22},"end":{"line":95,"column":null}},"20":{"start":{"line":96,"column":14},"end":{"line":96,"column":null}},"21":{"start":{"line":98,"column":2},"end":{"line":107,"column":null}},"22":{"start":{"line":99,"column":17},"end":{"line":103,"column":null}},"23":{"start":{"line":104,"column":4},"end":{"line":104,"column":null}},"24":{"start":{"line":106,"column":4},"end":{"line":106,"column":null}},"25":{"start":{"line":119,"column":21},"end":{"line":121,"column":null}},"26":{"start":{"line":121,"column":62},"end":{"line":121,"column":83}},"27":{"start":{"line":123,"column":16},"end":{"line":123,"column":null}},"28":{"start":{"line":126,"column":18},"end":{"line":139,"column":null}},"29":{"start":{"line":128,"column":6},"end":{"line":130,"column":null}},"30":{"start":{"line":129,"column":8},"end":{"line":129,"column":null}},"31":{"start":{"line":131,"column":6},"end":{"line":133,"column":null}},"32":{"start":{"line":132,"column":8},"end":{"line":132,"column":null}},"33":{"start":{"line":134,"column":6},"end":{"line":136,"column":null}},"34":{"start":{"line":135,"column":8},"end":{"line":135,"column":null}},"35":{"start":{"line":137,"column":6},"end":{"line":137,"column":null}},"36":{"start":{"line":141,"column":2},"end":{"line":150,"column":null}},"37":{"start":{"line":166,"column":2},"end":{"line":166,"column":null}},"38":{"start":{"line":168,"column":2},"end":{"line":178,"column":null}},"39":{"start":{"line":187,"column":20},"end":{"line":189,"column":null}},"40":{"start":{"line":191,"column":2},"end":{"line":193,"column":null}},"41":{"start":{"line":192,"column":4},"end":{"line":192,"column":null}},"42":{"start":{"line":195,"column":8},"end":{"line":195,"column":null}},"43":{"start":{"line":196,"column":17},"end":{"line":196,"column":null}},"44":{"start":{"line":198,"column":2},"end":{"line":200,"column":null}},"45":{"start":{"line":199,"column":4},"end":{"line":199,"column":null}},"46":{"start":{"line":203,"column":2},"end":{"line":224,"column":null}},"47":{"start":{"line":204,"column":19},"end":{"line":204,"column":null}},"48":{"start":{"line":207,"column":60},"end":{"line":207,"column":null}},"49":{"start":{"line":209,"column":4},"end":{"line":221,"column":null}},"50":{"start":{"line":210,"column":22},"end":{"line":212,"column":null}},"51":{"start":{"line":214,"column":6},"end":{"line":220,"column":null}},"52":{"start":{"line":215,"column":20},"end":{"line":215,"column":null}},"53":{"start":{"line":216,"column":8},"end":{"line":219,"column":null}},"54":{"start":{"line":223,"column":4},"end":{"line":223,"column":null}},"55":{"start":{"line":227,"column":18},"end":{"line":227,"column":null}},"56":{"start":{"line":229,"column":2},"end":{"line":235,"column":null}},"57":{"start":{"line":230,"column":16},"end":{"line":230,"column":null}},"58":{"start":{"line":231,"column":4},"end":{"line":234,"column":null}},"59":{"start":{"line":245,"column":20},"end":{"line":247,"column":null}},"60":{"start":{"line":249,"column":2},"end":{"line":251,"column":null}},"61":{"start":{"line":250,"column":4},"end":{"line":250,"column":null}},"62":{"start":{"line":253,"column":8},"end":{"line":253,"column":null}},"63":{"start":{"line":254,"column":17},"end":{"line":254,"column":null}},"64":{"start":{"line":257,"column":36},"end":{"line":259,"column":null}},"65":{"start":{"line":261,"column":2},"end":{"line":263,"column":null}},"66":{"start":{"line":262,"column":4},"end":{"line":262,"column":null}},"67":{"start":{"line":265,"column":18},"end":{"line":267,"column":null}},"68":{"start":{"line":269,"column":2},"end":{"line":271,"column":null}},"69":{"start":{"line":270,"column":4},"end":{"line":270,"column":null}},"70":{"start":{"line":273,"column":14},"end":{"line":273,"column":null}},"71":{"start":{"line":275,"column":2},"end":{"line":280,"column":null}},"72":{"start":{"line":289,"column":2},"end":{"line":297,"column":null}},"73":{"start":{"line":290,"column":4},"end":{"line":290,"column":null}},"74":{"start":{"line":291,"column":4},"end":{"line":291,"column":null}},"75":{"start":{"line":293,"column":4},"end":{"line":296,"column":null}},"76":{"start":{"line":309,"column":2},"end":{"line":324,"column":null}},"77":{"start":{"line":310,"column":17},"end":{"line":320,"column":null}},"78":{"start":{"line":321,"column":4},"end":{"line":321,"column":null}},"79":{"start":{"line":323,"column":4},"end":{"line":323,"column":null}},"80":{"start":{"line":337,"column":2},"end":{"line":352,"column":null}},"81":{"start":{"line":338,"column":17},"end":{"line":348,"column":null}},"82":{"start":{"line":349,"column":4},"end":{"line":349,"column":null}},"83":{"start":{"line":351,"column":4},"end":{"line":351,"column":null}},"84":{"start":{"line":364,"column":2},"end":{"line":377,"column":null}},"85":{"start":{"line":365,"column":4},"end":{"line":373,"column":null}},"86":{"start":{"line":374,"column":4},"end":{"line":374,"column":null}},"87":{"start":{"line":376,"column":4},"end":{"line":376,"column":null}}},"fnMap":{"0":{"name":"(anonymous_0)","decl":{"start":{"line":7,"column":2},"end":{"line":7,"column":null}},"loc":{"start":{"line":10,"column":4},"end":{"line":13,"column":null}},"line":10},"1":{"name":"listAirtableBases","decl":{"start":{"line":38,"column":22},"end":{"line":38,"column":40}},"loc":{"start":{"line":38,"column":81},"end":{"line":49,"column":null}},"line":38},"2":{"name":"listAirtableTables","decl":{"start":{"line":54,"column":22},"end":{"line":54,"column":41}},"loc":{"start":{"line":54,"column":99},"end":{"line":68,"column":null}},"line":54},"3":{"name":"getAirtableRecords","decl":{"start":{"line":73,"column":22},"end":{"line":73,"column":null}},"loc":{"start":{"line":82,"column":29},"end":{"line":108,"column":null}},"line":82},"4":{"name":"airtableRecordToDocument","decl":{"start":{"line":113,"column":16},"end":{"line":113,"column":41}},"loc":{"start":{"line":117,"column":2},"end":{"line":151,"column":null}},"line":117},"5":{"name":"(anonymous_5)","decl":{"start":{"line":121,"column":50},"end":{"line":121,"column":56}},"loc":{"start":{"line":121,"column":62},"end":{"line":121,"column":83}},"line":121},"6":{"name":"(anonymous_6)","decl":{"start":{"line":127,"column":5},"end":{"line":127,"column":10}},"loc":{"start":{"line":127,"column":27},"end":{"line":138,"column":5}},"line":127},"7":{"name":"saveAirtableConnector","decl":{"start":{"line":156,"column":22},"end":{"line":156,"column":null}},"loc":{"start":{"line":164,"column":2},"end":{"line":179,"column":null}},"line":164},"8":{"name":"listAirtableDocuments","decl":{"start":{"line":184,"column":22},"end":{"line":184,"column":null}},"loc":{"start":{"line":186,"column":49},"end":{"line":236,"column":null}},"line":186},"9":{"name":"(anonymous_9)","decl":{"start":{"line":229,"column":17},"end":{"line":229,"column":22}},"loc":{"start":{"line":229,"column":33},"end":{"line":235,"column":3}},"line":229},"10":{"name":"getAirtableRecordContent","decl":{"start":{"line":241,"column":22},"end":{"line":241,"column":null}},"loc":{"start":{"line":244,"column":94},"end":{"line":281,"column":null}},"line":244},"11":{"name":"testAirtableConnection","decl":{"start":{"line":286,"column":22},"end":{"line":286,"column":null}},"loc":{"start":{"line":288,"column":49},"end":{"line":298,"column":null}},"line":288},"12":{"name":"createAirtableRecord","decl":{"start":{"line":303,"column":22},"end":{"line":303,"column":null}},"loc":{"start":{"line":308,"column":27},"end":{"line":325,"column":null}},"line":308},"13":{"name":"updateAirtableRecord","decl":{"start":{"line":330,"column":22},"end":{"line":330,"column":null}},"loc":{"start":{"line":336,"column":27},"end":{"line":353,"column":null}},"line":336},"14":{"name":"deleteAirtableRecord","decl":{"start":{"line":358,"column":22},"end":{"line":358,"column":null}},"loc":{"start":{"line":363,"column":27},"end":{"line":378,"column":null}},"line":363}},"branchMap":{"0":{"loc":{"start":{"line":64,"column":11},"end":{"line":64,"column":null}},"type":"binary-expr","locations":[{"start":{"line":64,"column":11},"end":{"line":64,"column":26}},{"start":{"line":64,"column":26},"end":{"line":64,"column":null}}],"line":64},"1":{"loc":{"start":{"line":77,"column":2},"end":{"line":81,"column":null}},"type":"default-arg","locations":[{"start":{"line":81,"column":6},"end":{"line":81,"column":null}}],"line":77},"2":{"loc":{"start":{"line":85,"column":2},"end":{"line":87,"column":null}},"type":"if","locations":[{"start":{"line":85,"column":2},"end":{"line":87,"column":null}},{"start":{},"end":{}}],"line":85},"3":{"loc":{"start":{"line":88,"column":2},"end":{"line":90,"column":null}},"type":"if","locations":[{"start":{"line":88,"column":2},"end":{"line":90,"column":null}},{"start":{},"end":{}}],"line":88},"4":{"loc":{"start":{"line":91,"column":2},"end":{"line":93,"column":null}},"type":"if","locations":[{"start":{"line":91,"column":2},"end":{"line":93,"column":null}},{"start":{},"end":{}}],"line":91},"5":{"loc":{"start":{"line":96,"column":53},"end":{"line":96,"column":null}},"type":"cond-expr","locations":[{"start":{"line":96,"column":67},"end":{"line":96,"column":87}},{"start":{"line":96,"column":87},"end":{"line":96,"column":null}}],"line":96},"6":{"loc":{"start":{"line":104,"column":11},"end":{"line":104,"column":null}},"type":"binary-expr","locations":[{"start":{"line":104,"column":11},"end":{"line":104,"column":27}},{"start":{"line":104,"column":27},"end":{"line":104,"column":null}}],"line":104},"7":{"loc":{"start":{"line":119,"column":21},"end":{"line":121,"column":null}},"type":"binary-expr","locations":[{"start":{"line":119,"column":21},"end":{"line":119,"column":47}},{"start":{"line":119,"column":47},"end":{"line":119,"column":null}},{"start":{"line":120,"column":21},"end":{"line":120,"column":46}},{"start":{"line":120,"column":46},"end":{"line":120,"column":null}},{"start":{"line":121,"column":21},"end":{"line":121,"column":null}}],"line":119},"8":{"loc":{"start":{"line":123,"column":23},"end":{"line":123,"column":47}},"type":"binary-expr","locations":[{"start":{"line":123,"column":23},"end":{"line":123,"column":37}},{"start":{"line":123,"column":37},"end":{"line":123,"column":47}}],"line":123},"9":{"loc":{"start":{"line":128,"column":6},"end":{"line":130,"column":null}},"type":"if","locations":[{"start":{"line":128,"column":6},"end":{"line":130,"column":null}},{"start":{},"end":{}}],"line":128},"10":{"loc":{"start":{"line":131,"column":6},"end":{"line":133,"column":null}},"type":"if","locations":[{"start":{"line":131,"column":6},"end":{"line":133,"column":null}},{"start":{},"end":{}}],"line":131},"11":{"loc":{"start":{"line":134,"column":6},"end":{"line":136,"column":null}},"type":"if","locations":[{"start":{"line":134,"column":6},"end":{"line":136,"column":null}},{"start":{},"end":{}}],"line":134},"12":{"loc":{"start":{"line":191,"column":2},"end":{"line":193,"column":null}},"type":"if","locations":[{"start":{"line":191,"column":2},"end":{"line":193,"column":null}},{"start":{},"end":{}}],"line":191},"13":{"loc":{"start":{"line":191,"column":6},"end":{"line":191,"column":51}},"type":"binary-expr","locations":[{"start":{"line":191,"column":6},"end":{"line":191,"column":20}},{"start":{"line":191,"column":20},"end":{"line":191,"column":51}}],"line":191},"14":{"loc":{"start":{"line":195,"column":25},"end":{"line":195,"column":52}},"type":"binary-expr","locations":[{"start":{"line":195,"column":25},"end":{"line":195,"column":50}},{"start":{"line":195,"column":50},"end":{"line":195,"column":52}}],"line":195},"15":{"loc":{"start":{"line":196,"column":36},"end":{"line":196,"column":60}},"type":"binary-expr","locations":[{"start":{"line":196,"column":36},"end":{"line":196,"column":56}},{"start":{"line":196,"column":56},"end":{"line":196,"column":60}}],"line":196},"16":{"loc":{"start":{"line":198,"column":2},"end":{"line":200,"column":null}},"type":"if","locations":[{"start":{"line":198,"column":2},"end":{"line":200,"column":null}},{"start":{},"end":{}}],"line":198},"17":{"loc":{"start":{"line":203,"column":2},"end":{"line":224,"column":null}},"type":"if","locations":[{"start":{"line":203,"column":2},"end":{"line":224,"column":null}},{"start":{},"end":{}}],"line":203},"18":{"loc":{"start":{"line":249,"column":2},"end":{"line":251,"column":null}},"type":"if","locations":[{"start":{"line":249,"column":2},"end":{"line":251,"column":null}},{"start":{},"end":{}}],"line":249},"19":{"loc":{"start":{"line":249,"column":6},"end":{"line":249,"column":51}},"type":"binary-expr","locations":[{"start":{"line":249,"column":6},"end":{"line":249,"column":20}},{"start":{"line":249,"column":20},"end":{"line":249,"column":51}}],"line":249},"20":{"loc":{"start":{"line":253,"column":25},"end":{"line":253,"column":52}},"type":"binary-expr","locations":[{"start":{"line":253,"column":25},"end":{"line":253,"column":50}},{"start":{"line":253,"column":50},"end":{"line":253,"column":52}}],"line":253},"21":{"loc":{"start":{"line":254,"column":36},"end":{"line":254,"column":60}},"type":"binary-expr","locations":[{"start":{"line":254,"column":36},"end":{"line":254,"column":56}},{"start":{"line":254,"column":56},"end":{"line":254,"column":60}}],"line":254},"22":{"loc":{"start":{"line":257,"column":36},"end":{"line":259,"column":null}},"type":"cond-expr","locations":[{"start":{"line":258,"column":6},"end":{"line":258,"column":null}},{"start":{"line":259,"column":6},"end":{"line":259,"column":null}}],"line":257},"23":{"loc":{"start":{"line":261,"column":2},"end":{"line":263,"column":null}},"type":"if","locations":[{"start":{"line":261,"column":2},"end":{"line":263,"column":null}},{"start":{},"end":{}}],"line":261},"24":{"loc":{"start":{"line":261,"column":6},"end":{"line":261,"column":53}},"type":"binary-expr","locations":[{"start":{"line":261,"column":6},"end":{"line":261,"column":18}},{"start":{"line":261,"column":18},"end":{"line":261,"column":37}},{"start":{"line":261,"column":37},"end":{"line":261,"column":53}}],"line":261},"25":{"loc":{"start":{"line":269,"column":2},"end":{"line":271,"column":null}},"type":"if","locations":[{"start":{"line":269,"column":2},"end":{"line":271,"column":null}},{"start":{},"end":{}}],"line":269}},"s":{"0":1,"1":1,"2":1,"3":1,"4":3,"5":3,"6":2,"7":1,"8":0,"9":0,"10":0,"11":0,"12":0,"13":0,"14":0,"15":0,"16":0,"17":0,"18":0,"19":0,"20":0,"21":0,"22":0,"23":0,"24":0,"25":3,"26":1,"27":3,"28":3,"29":6,"30":5,"31":1,"32":0,"33":1,"34":0,"35":1,"36":3,"37":0,"38":0,"39":0,"40":0,"41":0,"42":0,"43":0,"44":0,"45":0,"46":0,"47":0,"48":0,"49":0,"50":0,"51":0,"52":0,"53":0,"54":0,"55":0,"56":0,"57":0,"58":0,"59":0,"60":0,"61":0,"62":0,"63":0,"64":0,"65":0,"66":0,"67":0,"68":0,"69":0,"70":0,"71":0,"72":2,"73":2,"74":1,"75":1,"76":0,"77":0,"78":0,"79":0,"80":0,"81":0,"82":0,"83":0,"84":0,"85":0,"86":0,"87":0},"f":{"0":1,"1":3,"2":0,"3":0,"4":3,"5":1,"6":6,"7":0,"8":0,"9":0,"10":0,"11":2,"12":0,"13":0,"14":0},"b":{"0":[0,0],"1":[0],"2":[0,0],"3":[0,0],"4":[0,0],"5":[0,0],"6":[0,0],"7":[3,2,2,1,1],"8":[3,1],"9":[5,1],"10":[0,1],"11":[0,1],"12":[0,0],"13":[0,0],"14":[0,0],"15":[0,0],"16":[0,0],"17":[0,0],"18":[0,0],"19":[0,0],"20":[0,0],"21":[0,0],"22":[0,0],"23":[0,0],"24":[0,0,0],"25":[0,0]},"meta":{"lastBranch":26,"lastFunction":15,"lastStatement":88,"seen":{"f:7:2:7:Infinity":0,"s:11:4:11:Infinity":0,"s:8:11:8:Infinity":1,"s:12:4:12:Infinity":2,"s:16:21:16:Infinity":3,"f:38:22:38:40":1,"s:39:2:48:Infinity":4,"s:40:17:44:Infinity":5,"s:45:4:45:Infinity":6,"s:47:4:47:Infinity":7,"f:54:22:54:41":2,"s:55:2:67:Infinity":8,"s:56:17:63:Infinity":9,"s:64:4:64:Infinity":10,"b:64:11:64:26:64:26:64:Infinity":0,"s:66:4:66:Infinity":11,"f:73:22:73:Infinity":3,"b:81:6:81:Infinity":1,"s:83:17:83:Infinity":12,"b:85:2:87:Infinity:undefined:undefined:undefined:undefined":2,"s:85:2:87:Infinity":13,"s:86:4:86:Infinity":14,"b:88:2:90:Infinity:undefined:undefined:undefined:undefined":3,"s:88:2:90:Infinity":15,"s:89:4:89:Infinity":16,"b:91:2:93:Infinity:undefined:undefined:undefined:undefined":4,"s:91:2:93:Infinity":17,"s:92:4:92:Infinity":18,"s:95:22:95:Infinity":19,"s:96:14:96:Infinity":20,"b:96:67:96:87:96:87:96:Infinity":5,"s:98:2:107:Infinity":21,"s:99:17:103:Infinity":22,"s:104:4:104:Infinity":23,"b:104:11:104:27:104:27:104:Infinity":6,"s:106:4:106:Infinity":24,"f:113:16:113:41":4,"s:119:21:121:Infinity":25,"b:119:21:119:47:119:47:119:Infinity:120:21:120:46:120:46:120:Infinity:121:21:121:Infinity":7,"f:121:50:121:56":5,"s:121:62:121:83":26,"s:123:16:123:Infinity":27,"b:123:23:123:37:123:37:123:47":8,"s:126:18:139:Infinity":28,"f:127:5:127:10":6,"b:128:6:130:Infinity:undefined:undefined:undefined:undefined":9,"s:128:6:130:Infinity":29,"s:129:8:129:Infinity":30,"b:131:6:133:Infinity:undefined:undefined:undefined:undefined":10,"s:131:6:133:Infinity":31,"s:132:8:132:Infinity":32,"b:134:6:136:Infinity:undefined:undefined:undefined:undefined":11,"s:134:6:136:Infinity":33,"s:135:8:135:Infinity":34,"s:137:6:137:Infinity":35,"s:141:2:150:Infinity":36,"f:156:22:156:Infinity":7,"s:166:2:166:Infinity":37,"s:168:2:178:Infinity":38,"f:184:22:184:Infinity":8,"s:187:20:189:Infinity":39,"b:191:2:193:Infinity:undefined:undefined:undefined:undefined":12,"s:191:2:193:Infinity":40,"b:191:6:191:20:191:20:191:51":13,"s:192:4:192:Infinity":41,"s:195:8:195:Infinity":42,"b:195:25:195:50:195:50:195:52":14,"s:196:17:196:Infinity":43,"b:196:36:196:56:196:56:196:60":15,"b:198:2:200:Infinity:undefined:undefined:undefined:undefined":16,"s:198:2:200:Infinity":44,"s:199:4:199:Infinity":45,"b:203:2:224:Infinity:undefined:undefined:undefined:undefined":17,"s:203:2:224:Infinity":46,"s:204:19:204:Infinity":47,"s:207:60:207:Infinity":48,"s:209:4:221:Infinity":49,"s:210:22:212:Infinity":50,"s:214:6:220:Infinity":51,"s:215:20:215:Infinity":52,"s:216:8:219:Infinity":53,"s:223:4:223:Infinity":54,"s:227:18:227:Infinity":55,"s:229:2:235:Infinity":56,"f:229:17:229:22":9,"s:230:16:230:Infinity":57,"s:231:4:234:Infinity":58,"f:241:22:241:Infinity":10,"s:245:20:247:Infinity":59,"b:249:2:251:Infinity:undefined:undefined:undefined:undefined":18,"s:249:2:251:Infinity":60,"b:249:6:249:20:249:20:249:51":19,"s:250:4:250:Infinity":61,"s:253:8:253:Infinity":62,"b:253:25:253:50:253:50:253:52":20,"s:254:17:254:Infinity":63,"b:254:36:254:56:254:56:254:60":21,"s:257:36:259:Infinity":64,"b:258:6:258:Infinity:259:6:259:Infinity":22,"b:261:2:263:Infinity:undefined:undefined:undefined:undefined":23,"s:261:2:263:Infinity":65,"b:261:6:261:18:261:18:261:37:261:37:261:53":24,"s:262:4:262:Infinity":66,"s:265:18:267:Infinity":67,"b:269:2:271:Infinity:undefined:undefined:undefined:undefined":25,"s:269:2:271:Infinity":68,"s:270:4:270:Infinity":69,"s:273:14:273:Infinity":70,"s:275:2:280:Infinity":71,"f:286:22:286:Infinity":11,"s:289:2:297:Infinity":72,"s:290:4:290:Infinity":73,"s:291:4:291:Infinity":74,"s:293:4:296:Infinity":75,"f:303:22:303:Infinity":12,"s:309:2:324:Infinity":76,"s:310:17:320:Infinity":77,"s:321:4:321:Infinity":78,"s:323:4:323:Infinity":79,"f:330:22:330:Infinity":13,"s:337:2:352:Infinity":80,"s:338:17:348:Infinity":81,"s:349:4:349:Infinity":82,"s:351:4:351:Infinity":83,"f:358:22:358:Infinity":14,"s:364:2:377:Infinity":84,"s:365:4:373:Infinity":85,"s:374:4:374:Infinity":86,"s:376:4:376:Infinity":87}}}
,"D:\\git-projects\\Omnysync\\src\\lib\\services\\contentful.ts": {"path":"D:\\git-projects\\Omnysync\\src\\lib\\services\\contentful.ts","statementMap":{"0":{"start":{"line":11,"column":4},"end":{"line":11,"column":null}},"1":{"start":{"line":8,"column":11},"end":{"line":8,"column":null}},"2":{"start":{"line":12,"column":4},"end":{"line":12,"column":null}},"3":{"start":{"line":16,"column":23},"end":{"line":16,"column":null}},"4":{"start":{"line":17,"column":30},"end":{"line":17,"column":null}},"5":{"start":{"line":43,"column":2},"end":{"line":55,"column":null}},"6":{"start":{"line":44,"column":17},"end":{"line":51,"column":null}},"7":{"start":{"line":52,"column":4},"end":{"line":52,"column":null}},"8":{"start":{"line":54,"column":4},"end":{"line":54,"column":null}},"9":{"start":{"line":65,"column":2},"end":{"line":77,"column":null}},"10":{"start":{"line":66,"column":17},"end":{"line":73,"column":null}},"11":{"start":{"line":74,"column":4},"end":{"line":74,"column":null}},"12":{"start":{"line":76,"column":4},"end":{"line":76,"column":null}},"13":{"start":{"line":92,"column":17},"end":{"line":96,"column":null}},"14":{"start":{"line":98,"column":2},"end":{"line":118,"column":null}},"15":{"start":{"line":99,"column":17},"end":{"line":106,"column":null}},"16":{"start":{"line":108,"column":4},"end":{"line":115,"column":null}},"17":{"start":{"line":108,"column":46},"end":{"line":115,"column":6}},"18":{"start":{"line":117,"column":4},"end":{"line":117,"column":null}},"19":{"start":{"line":130,"column":24},"end":{"line":131,"column":null}},"20":{"start":{"line":133,"column":16},"end":{"line":133,"column":null}},"21":{"start":{"line":135,"column":2},"end":{"line":142,"column":null}},"22":{"start":{"line":136,"column":4},"end":{"line":136,"column":null}},"23":{"start":{"line":137,"column":9},"end":{"line":142,"column":null}},"24":{"start":{"line":139,"column":4},"end":{"line":139,"column":null}},"25":{"start":{"line":141,"column":4},"end":{"line":141,"column":null}},"26":{"start":{"line":144,"column":2},"end":{"line":153,"column":null}},"27":{"start":{"line":165,"column":2},"end":{"line":182,"column":null}},"28":{"start":{"line":166,"column":17},"end":{"line":177,"column":null}},"29":{"start":{"line":179,"column":4},"end":{"line":179,"column":null}},"30":{"start":{"line":181,"column":4},"end":{"line":181,"column":null}},"31":{"start":{"line":195,"column":2},"end":{"line":212,"column":null}},"32":{"start":{"line":196,"column":17},"end":{"line":207,"column":null}},"33":{"start":{"line":209,"column":4},"end":{"line":209,"column":null}},"34":{"start":{"line":211,"column":4},"end":{"line":211,"column":null}},"35":{"start":{"line":229,"column":2},"end":{"line":229,"column":null}},"36":{"start":{"line":231,"column":2},"end":{"line":241,"column":null}},"37":{"start":{"line":250,"column":20},"end":{"line":252,"column":null}},"38":{"start":{"line":254,"column":2},"end":{"line":256,"column":null}},"39":{"start":{"line":255,"column":4},"end":{"line":255,"column":null}},"40":{"start":{"line":258,"column":8},"end":{"line":258,"column":null}},"41":{"start":{"line":259,"column":17},"end":{"line":259,"column":null}},"42":{"start":{"line":261,"column":2},"end":{"line":263,"column":null}},"43":{"start":{"line":262,"column":4},"end":{"line":262,"column":null}},"44":{"start":{"line":266,"column":2},"end":{"line":285,"column":null}},"45":{"start":{"line":267,"column":25},"end":{"line":267,"column":null}},"46":{"start":{"line":269,"column":60},"end":{"line":269,"column":null}},"47":{"start":{"line":271,"column":4},"end":{"line":282,"column":null}},"48":{"start":{"line":272,"column":22},"end":{"line":274,"column":null}},"49":{"start":{"line":276,"column":6},"end":{"line":281,"column":null}},"50":{"start":{"line":277,"column":8},"end":{"line":280,"column":null}},"51":{"start":{"line":284,"column":4},"end":{"line":284,"column":null}},"52":{"start":{"line":288,"column":18},"end":{"line":288,"column":null}},"53":{"start":{"line":290,"column":2},"end":{"line":293,"column":null}},"54":{"start":{"line":290,"column":33},"end":{"line":293,"column":4}},"55":{"start":{"line":303,"column":20},"end":{"line":305,"column":null}},"56":{"start":{"line":307,"column":2},"end":{"line":309,"column":null}},"57":{"start":{"line":308,"column":4},"end":{"line":308,"column":null}},"58":{"start":{"line":311,"column":8},"end":{"line":311,"column":null}},"59":{"start":{"line":312,"column":17},"end":{"line":312,"column":null}},"60":{"start":{"line":314,"column":2},"end":{"line":316,"column":null}},"61":{"start":{"line":315,"column":4},"end":{"line":315,"column":null}},"62":{"start":{"line":319,"column":41},"end":{"line":321,"column":null}},"63":{"start":{"line":323,"column":2},"end":{"line":325,"column":null}},"64":{"start":{"line":324,"column":4},"end":{"line":324,"column":null}},"65":{"start":{"line":327,"column":18},"end":{"line":329,"column":null}},"66":{"start":{"line":331,"column":16},"end":{"line":331,"column":null}},"67":{"start":{"line":331,"column":36},"end":{"line":331,"column":58}},"68":{"start":{"line":333,"column":2},"end":{"line":335,"column":null}},"69":{"start":{"line":334,"column":4},"end":{"line":334,"column":null}},"70":{"start":{"line":337,"column":14},"end":{"line":337,"column":null}},"71":{"start":{"line":339,"column":2},"end":{"line":344,"column":null}},"72":{"start":{"line":353,"column":2},"end":{"line":361,"column":null}},"73":{"start":{"line":354,"column":4},"end":{"line":354,"column":null}},"74":{"start":{"line":355,"column":4},"end":{"line":355,"column":null}},"75":{"start":{"line":357,"column":4},"end":{"line":360,"column":null}}},"fnMap":{"0":{"name":"(anonymous_0)","decl":{"start":{"line":7,"column":2},"end":{"line":7,"column":null}},"loc":{"start":{"line":10,"column":4},"end":{"line":13,"column":null}},"line":10},"1":{"name":"listContentfulSpaces","decl":{"start":{"line":42,"column":22},"end":{"line":42,"column":43}},"loc":{"start":{"line":42,"column":92},"end":{"line":56,"column":null}},"line":42},"2":{"name":"listContentfulContentTypes","decl":{"start":{"line":61,"column":22},"end":{"line":61,"column":null}},"loc":{"start":{"line":64,"column":36},"end":{"line":78,"column":null}},"line":64},"3":{"name":"listContentfulEntries","decl":{"start":{"line":83,"column":22},"end":{"line":83,"column":null}},"loc":{"start":{"line":91,"column":30},"end":{"line":119,"column":null}},"line":91},"4":{"name":"(anonymous_4)","decl":{"start":{"line":108,"column":30},"end":{"line":108,"column":35}},"loc":{"start":{"line":108,"column":46},"end":{"line":115,"column":6}},"line":108},"5":{"name":"contentfulEntryToDocument","decl":{"start":{"line":124,"column":16},"end":{"line":124,"column":42}},"loc":{"start":{"line":128,"column":2},"end":{"line":154,"column":null}},"line":128},"6":{"name":"createContentfulEntry","decl":{"start":{"line":159,"column":22},"end":{"line":159,"column":null}},"loc":{"start":{"line":164,"column":27},"end":{"line":183,"column":null}},"line":164},"7":{"name":"updateContentfulEntry","decl":{"start":{"line":188,"column":22},"end":{"line":188,"column":null}},"loc":{"start":{"line":194,"column":27},"end":{"line":213,"column":null}},"line":194},"8":{"name":"saveContentfulConnector","decl":{"start":{"line":218,"column":22},"end":{"line":218,"column":null}},"loc":{"start":{"line":227,"column":2},"end":{"line":242,"column":null}},"line":227},"9":{"name":"listContentfulDocuments","decl":{"start":{"line":247,"column":22},"end":{"line":247,"column":null}},"loc":{"start":{"line":249,"column":49},"end":{"line":294,"column":null}},"line":249},"10":{"name":"(anonymous_10)","decl":{"start":{"line":290,"column":17},"end":{"line":290,"column":22}},"loc":{"start":{"line":290,"column":33},"end":{"line":293,"column":4}},"line":290},"11":{"name":"getContentfulEntryContent","decl":{"start":{"line":299,"column":22},"end":{"line":299,"column":null}},"loc":{"start":{"line":302,"column":94},"end":{"line":345,"column":null}},"line":302},"12":{"name":"(anonymous_12)","decl":{"start":{"line":331,"column":24},"end":{"line":331,"column":30}},"loc":{"start":{"line":331,"column":36},"end":{"line":331,"column":58}},"line":331},"13":{"name":"testContentfulConnection","decl":{"start":{"line":350,"column":22},"end":{"line":350,"column":null}},"loc":{"start":{"line":352,"column":49},"end":{"line":362,"column":null}},"line":352}},"branchMap":{"0":{"loc":{"start":{"line":52,"column":11},"end":{"line":52,"column":null}},"type":"binary-expr","locations":[{"start":{"line":52,"column":11},"end":{"line":52,"column":25}},{"start":{"line":52,"column":25},"end":{"line":52,"column":null}}],"line":52},"1":{"loc":{"start":{"line":74,"column":11},"end":{"line":74,"column":null}},"type":"binary-expr","locations":[{"start":{"line":74,"column":11},"end":{"line":74,"column":25}},{"start":{"line":74,"column":25},"end":{"line":74,"column":null}}],"line":74},"2":{"loc":{"start":{"line":87,"column":2},"end":{"line":90,"column":null}},"type":"default-arg","locations":[{"start":{"line":90,"column":6},"end":{"line":90,"column":null}}],"line":87},"3":{"loc":{"start":{"line":94,"column":12},"end":{"line":94,"column":34}},"type":"binary-expr","locations":[{"start":{"line":94,"column":12},"end":{"line":94,"column":29}},{"start":{"line":94,"column":29},"end":{"line":94,"column":34}}],"line":94},"4":{"loc":{"start":{"line":95,"column":11},"end":{"line":95,"column":30}},"type":"binary-expr","locations":[{"start":{"line":95,"column":11},"end":{"line":95,"column":27}},{"start":{"line":95,"column":27},"end":{"line":95,"column":30}}],"line":95},"5":{"loc":{"start":{"line":108,"column":12},"end":{"line":108,"column":30}},"type":"binary-expr","locations":[{"start":{"line":108,"column":12},"end":{"line":108,"column":26}},{"start":{"line":108,"column":26},"end":{"line":108,"column":30}}],"line":108},"6":{"loc":{"start":{"line":109,"column":10},"end":{"line":109,"column":null}},"type":"binary-expr","locations":[{"start":{"line":109,"column":10},"end":{"line":109,"column":27}},{"start":{"line":109,"column":27},"end":{"line":109,"column":null}}],"line":109},"7":{"loc":{"start":{"line":110,"column":13},"end":{"line":110,"column":null}},"type":"binary-expr","locations":[{"start":{"line":110,"column":13},"end":{"line":110,"column":36}},{"start":{"line":110,"column":36},"end":{"line":110,"column":58}},{"start":{"line":110,"column":58},"end":{"line":110,"column":null}}],"line":110},"8":{"loc":{"start":{"line":112,"column":17},"end":{"line":112,"column":null}},"type":"binary-expr","locations":[{"start":{"line":112,"column":17},"end":{"line":112,"column":41}},{"start":{"line":112,"column":41},"end":{"line":112,"column":null}}],"line":112},"9":{"loc":{"start":{"line":113,"column":17},"end":{"line":113,"column":null}},"type":"binary-expr","locations":[{"start":{"line":113,"column":17},"end":{"line":113,"column":41}},{"start":{"line":113,"column":41},"end":{"line":113,"column":null}}],"line":113},"10":{"loc":{"start":{"line":114,"column":14},"end":{"line":114,"column":null}},"type":"binary-expr","locations":[{"start":{"line":114,"column":14},"end":{"line":114,"column":30}},{"start":{"line":114,"column":30},"end":{"line":114,"column":null}}],"line":114},"11":{"loc":{"start":{"line":130,"column":24},"end":{"line":131,"column":null}},"type":"binary-expr","locations":[{"start":{"line":130,"column":24},"end":{"line":130,"column":45}},{"start":{"line":130,"column":45},"end":{"line":130,"column":null}},{"start":{"line":131,"column":24},"end":{"line":131,"column":52}},{"start":{"line":131,"column":52},"end":{"line":131,"column":null}}],"line":130},"12":{"loc":{"start":{"line":135,"column":2},"end":{"line":142,"column":null}},"type":"if","locations":[{"start":{"line":135,"column":2},"end":{"line":142,"column":null}},{"start":{"line":137,"column":9},"end":{"line":142,"column":null}}],"line":135},"13":{"loc":{"start":{"line":137,"column":9},"end":{"line":142,"column":null}},"type":"if","locations":[{"start":{"line":137,"column":9},"end":{"line":142,"column":null}},{"start":{"line":140,"column":9},"end":{"line":142,"column":null}}],"line":137},"14":{"loc":{"start":{"line":254,"column":2},"end":{"line":256,"column":null}},"type":"if","locations":[{"start":{"line":254,"column":2},"end":{"line":256,"column":null}},{"start":{},"end":{}}],"line":254},"15":{"loc":{"start":{"line":254,"column":6},"end":{"line":254,"column":53}},"type":"binary-expr","locations":[{"start":{"line":254,"column":6},"end":{"line":254,"column":20}},{"start":{"line":254,"column":20},"end":{"line":254,"column":53}}],"line":254},"16":{"loc":{"start":{"line":258,"column":30},"end":{"line":258,"column":57}},"type":"binary-expr","locations":[{"start":{"line":258,"column":30},"end":{"line":258,"column":55}},{"start":{"line":258,"column":55},"end":{"line":258,"column":57}}],"line":258},"17":{"loc":{"start":{"line":259,"column":36},"end":{"line":259,"column":60}},"type":"binary-expr","locations":[{"start":{"line":259,"column":36},"end":{"line":259,"column":56}},{"start":{"line":259,"column":56},"end":{"line":259,"column":60}}],"line":259},"18":{"loc":{"start":{"line":261,"column":2},"end":{"line":263,"column":null}},"type":"if","locations":[{"start":{"line":261,"column":2},"end":{"line":263,"column":null}},{"start":{},"end":{}}],"line":261},"19":{"loc":{"start":{"line":266,"column":2},"end":{"line":285,"column":null}},"type":"if","locations":[{"start":{"line":266,"column":2},"end":{"line":285,"column":null}},{"start":{},"end":{}}],"line":266},"20":{"loc":{"start":{"line":307,"column":2},"end":{"line":309,"column":null}},"type":"if","locations":[{"start":{"line":307,"column":2},"end":{"line":309,"column":null}},{"start":{},"end":{}}],"line":307},"21":{"loc":{"start":{"line":307,"column":6},"end":{"line":307,"column":53}},"type":"binary-expr","locations":[{"start":{"line":307,"column":6},"end":{"line":307,"column":20}},{"start":{"line":307,"column":20},"end":{"line":307,"column":53}}],"line":307},"22":{"loc":{"start":{"line":311,"column":30},"end":{"line":311,"column":57}},"type":"binary-expr","locations":[{"start":{"line":311,"column":30},"end":{"line":311,"column":55}},{"start":{"line":311,"column":55},"end":{"line":311,"column":57}}],"line":311},"23":{"loc":{"start":{"line":312,"column":36},"end":{"line":312,"column":60}},"type":"binary-expr","locations":[{"start":{"line":312,"column":36},"end":{"line":312,"column":56}},{"start":{"line":312,"column":56},"end":{"line":312,"column":60}}],"line":312},"24":{"loc":{"start":{"line":314,"column":2},"end":{"line":316,"column":null}},"type":"if","locations":[{"start":{"line":314,"column":2},"end":{"line":316,"column":null}},{"start":{},"end":{}}],"line":314},"25":{"loc":{"start":{"line":319,"column":41},"end":{"line":321,"column":null}},"type":"cond-expr","locations":[{"start":{"line":320,"column":6},"end":{"line":320,"column":null}},{"start":{"line":321,"column":6},"end":{"line":321,"column":null}}],"line":319},"26":{"loc":{"start":{"line":323,"column":2},"end":{"line":325,"column":null}},"type":"if","locations":[{"start":{"line":323,"column":2},"end":{"line":325,"column":null}},{"start":{},"end":{}}],"line":323},"27":{"loc":{"start":{"line":323,"column":6},"end":{"line":323,"column":40}},"type":"binary-expr","locations":[{"start":{"line":323,"column":6},"end":{"line":323,"column":24}},{"start":{"line":323,"column":24},"end":{"line":323,"column":40}}],"line":323},"28":{"loc":{"start":{"line":333,"column":2},"end":{"line":335,"column":null}},"type":"if","locations":[{"start":{"line":333,"column":2},"end":{"line":335,"column":null}},{"start":{},"end":{}}],"line":333}},"s":{"0":1,"1":1,"2":1,"3":1,"4":1,"5":3,"6":3,"7":2,"8":1,"9":0,"10":0,"11":0,"12":0,"13":0,"14":0,"15":0,"16":0,"17":0,"18":0,"19":3,"20":3,"21":3,"22":2,"23":1,"24":0,"25":1,"26":3,"27":0,"28":0,"29":0,"30":0,"31":0,"32":0,"33":0,"34":0,"35":0,"36":0,"37":0,"38":0,"39":0,"40":0,"41":0,"42":0,"43":0,"44":0,"45":0,"46":0,"47":0,"48":0,"49":0,"50":0,"51":0,"52":0,"53":0,"54":0,"55":0,"56":0,"57":0,"58":0,"59":0,"60":0,"61":0,"62":0,"63":0,"64":0,"65":0,"66":0,"67":0,"68":0,"69":0,"70":0,"71":0,"72":2,"73":2,"74":1,"75":1},"f":{"0":1,"1":3,"2":0,"3":0,"4":0,"5":3,"6":0,"7":0,"8":0,"9":0,"10":0,"11":0,"12":0,"13":2},"b":{"0":[2,0],"1":[0,0],"2":[0],"3":[0,0],"4":[0,0],"5":[0,0],"6":[0,0],"7":[0,0,0],"8":[0,0],"9":[0,0],"10":[0,0],"11":[3,2,2,1],"12":[2,1],"13":[0,1],"14":[0,0],"15":[0,0],"16":[0,0],"17":[0,0],"18":[0,0],"19":[0,0],"20":[0,0],"21":[0,0],"22":[0,0],"23":[0,0],"24":[0,0],"25":[0,0],"26":[0,0],"27":[0,0],"28":[0,0]},"meta":{"lastBranch":29,"lastFunction":14,"lastStatement":76,"seen":{"f:7:2:7:Infinity":0,"s:11:4:11:Infinity":0,"s:8:11:8:Infinity":1,"s:12:4:12:Infinity":2,"s:16:23:16:Infinity":3,"s:17:30:17:Infinity":4,"f:42:22:42:43":1,"s:43:2:55:Infinity":5,"s:44:17:51:Infinity":6,"s:52:4:52:Infinity":7,"b:52:11:52:25:52:25:52:Infinity":0,"s:54:4:54:Infinity":8,"f:61:22:61:Infinity":2,"s:65:2:77:Infinity":9,"s:66:17:73:Infinity":10,"s:74:4:74:Infinity":11,"b:74:11:74:25:74:25:74:Infinity":1,"s:76:4:76:Infinity":12,"f:83:22:83:Infinity":3,"b:90:6:90:Infinity":2,"s:92:17:96:Infinity":13,"b:94:12:94:29:94:29:94:34":3,"b:95:11:95:27:95:27:95:30":4,"s:98:2:118:Infinity":14,"s:99:17:106:Infinity":15,"s:108:4:115:Infinity":16,"b:108:12:108:26:108:26:108:30":5,"f:108:30:108:35":4,"s:108:46:115:6":17,"b:109:10:109:27:109:27:109:Infinity":6,"b:110:13:110:36:110:36:110:58:110:58:110:Infinity":7,"b:112:17:112:41:112:41:112:Infinity":8,"b:113:17:113:41:113:41:113:Infinity":9,"b:114:14:114:30:114:30:114:Infinity":10,"s:117:4:117:Infinity":18,"f:124:16:124:42":5,"s:130:24:131:Infinity":19,"b:130:24:130:45:130:45:130:Infinity:131:24:131:52:131:52:131:Infinity":11,"s:133:16:133:Infinity":20,"b:135:2:142:Infinity:137:9:142:Infinity":12,"s:135:2:142:Infinity":21,"s:136:4:136:Infinity":22,"b:137:9:142:Infinity:140:9:142:Infinity":13,"s:137:9:142:Infinity":23,"s:139:4:139:Infinity":24,"s:141:4:141:Infinity":25,"s:144:2:153:Infinity":26,"f:159:22:159:Infinity":6,"s:165:2:182:Infinity":27,"s:166:17:177:Infinity":28,"s:179:4:179:Infinity":29,"s:181:4:181:Infinity":30,"f:188:22:188:Infinity":7,"s:195:2:212:Infinity":31,"s:196:17:207:Infinity":32,"s:209:4:209:Infinity":33,"s:211:4:211:Infinity":34,"f:218:22:218:Infinity":8,"s:229:2:229:Infinity":35,"s:231:2:241:Infinity":36,"f:247:22:247:Infinity":9,"s:250:20:252:Infinity":37,"b:254:2:256:Infinity:undefined:undefined:undefined:undefined":14,"s:254:2:256:Infinity":38,"b:254:6:254:20:254:20:254:53":15,"s:255:4:255:Infinity":39,"s:258:8:258:Infinity":40,"b:258:30:258:55:258:55:258:57":16,"s:259:17:259:Infinity":41,"b:259:36:259:56:259:56:259:60":17,"b:261:2:263:Infinity:undefined:undefined:undefined:undefined":18,"s:261:2:263:Infinity":42,"s:262:4:262:Infinity":43,"b:266:2:285:Infinity:undefined:undefined:undefined:undefined":19,"s:266:2:285:Infinity":44,"s:267:25:267:Infinity":45,"s:269:60:269:Infinity":46,"s:271:4:282:Infinity":47,"s:272:22:274:Infinity":48,"s:276:6:281:Infinity":49,"s:277:8:280:Infinity":50,"s:284:4:284:Infinity":51,"s:288:18:288:Infinity":52,"s:290:2:293:Infinity":53,"f:290:17:290:22":10,"s:290:33:293:4":54,"f:299:22:299:Infinity":11,"s:303:20:305:Infinity":55,"b:307:2:309:Infinity:undefined:undefined:undefined:undefined":20,"s:307:2:309:Infinity":56,"b:307:6:307:20:307:20:307:53":21,"s:308:4:308:Infinity":57,"s:311:8:311:Infinity":58,"b:311:30:311:55:311:55:311:57":22,"s:312:17:312:Infinity":59,"b:312:36:312:56:312:56:312:60":23,"b:314:2:316:Infinity:undefined:undefined:undefined:undefined":24,"s:314:2:316:Infinity":60,"s:315:4:315:Infinity":61,"s:319:41:321:Infinity":62,"b:320:6:320:Infinity:321:6:321:Infinity":25,"b:323:2:325:Infinity:undefined:undefined:undefined:undefined":26,"s:323:2:325:Infinity":63,"b:323:6:323:24:323:24:323:40":27,"s:324:4:324:Infinity":64,"s:327:18:329:Infinity":65,"s:331:16:331:Infinity":66,"f:331:24:331:30":12,"s:331:36:331:58":67,"b:333:2:335:Infinity:undefined:undefined:undefined:undefined":28,"s:333:2:335:Infinity":68,"s:334:4:334:Infinity":69,"s:337:14:337:Infinity":70,"s:339:2:344:Infinity":71,"f:350:22:350:Infinity":13,"s:353:2:361:Infinity":72,"s:354:4:354:Infinity":73,"s:355:4:355:Infinity":74,"s:357:4:360:Infinity":75}}}
,"D:\\git-projects\\Omnysync\\src\\lib\\services\\medium.ts": {"path":"D:\\git-projects\\Omnysync\\src\\lib\\services\\medium.ts","statementMap":{"0":{"start":{"line":5,"column":19},"end":{"line":5,"column":null}},"1":{"start":{"line":40,"column":2},"end":{"line":52,"column":null}},"2":{"start":{"line":41,"column":17},"end":{"line":48,"column":null}},"3":{"start":{"line":49,"column":4},"end":{"line":49,"column":null}},"4":{"start":{"line":51,"column":4},"end":{"line":51,"column":null}},"5":{"start":{"line":62,"column":2},"end":{"line":74,"column":null}},"6":{"start":{"line":63,"column":17},"end":{"line":70,"column":null}},"7":{"start":{"line":71,"column":4},"end":{"line":71,"column":null}},"8":{"start":{"line":73,"column":4},"end":{"line":73,"column":null}},"9":{"start":{"line":92,"column":2},"end":{"line":107,"column":null}},"10":{"start":{"line":93,"column":17},"end":{"line":103,"column":null}},"11":{"start":{"line":104,"column":4},"end":{"line":104,"column":null}},"12":{"start":{"line":106,"column":4},"end":{"line":106,"column":null}},"13":{"start":{"line":125,"column":2},"end":{"line":140,"column":null}},"14":{"start":{"line":126,"column":17},"end":{"line":136,"column":null}},"15":{"start":{"line":137,"column":4},"end":{"line":137,"column":null}},"16":{"start":{"line":139,"column":4},"end":{"line":139,"column":null}},"17":{"start":{"line":149,"column":2},"end":{"line":157,"column":null}},"18":{"start":{"line":150,"column":4},"end":{"line":150,"column":null}},"19":{"start":{"line":151,"column":4},"end":{"line":151,"column":null}},"20":{"start":{"line":153,"column":4},"end":{"line":156,"column":null}},"21":{"start":{"line":172,"column":15},"end":{"line":172,"column":null}},"22":{"start":{"line":174,"column":2},"end":{"line":188,"column":null}},"23":{"start":{"line":198,"column":20},"end":{"line":200,"column":null}},"24":{"start":{"line":202,"column":2},"end":{"line":204,"column":null}},"25":{"start":{"line":203,"column":4},"end":{"line":203,"column":null}},"26":{"start":{"line":206,"column":19},"end":{"line":208,"column":null}},"27":{"start":{"line":210,"column":2},"end":{"line":212,"column":null}},"28":{"start":{"line":211,"column":4},"end":{"line":211,"column":null}},"29":{"start":{"line":214,"column":8},"end":{"line":214,"column":null}},"30":{"start":{"line":215,"column":17},"end":{"line":215,"column":null}},"31":{"start":{"line":217,"column":22},"end":{"line":224,"column":null}},"32":{"start":{"line":228,"column":2},"end":{"line":240,"column":null}},"33":{"start":{"line":229,"column":4},"end":{"line":233,"column":null}},"34":{"start":{"line":235,"column":4},"end":{"line":239,"column":null}},"35":{"start":{"line":243,"column":2},"end":{"line":251,"column":null}},"36":{"start":{"line":253,"column":2},"end":{"line":253,"column":null}}},"fnMap":{"0":{"name":"getMediumUser","decl":{"start":{"line":39,"column":22},"end":{"line":39,"column":36}},"loc":{"start":{"line":39,"column":78},"end":{"line":53,"column":null}},"line":39},"1":{"name":"listMediumPublications","decl":{"start":{"line":58,"column":22},"end":{"line":58,"column":null}},"loc":{"start":{"line":61,"column":32},"end":{"line":75,"column":null}},"line":61},"2":{"name":"createMediumPost","decl":{"start":{"line":80,"column":22},"end":{"line":80,"column":null}},"loc":{"start":{"line":91,"column":23},"end":{"line":108,"column":null}},"line":91},"3":{"name":"createMediumPublicationPost","decl":{"start":{"line":113,"column":22},"end":{"line":113,"column":null}},"loc":{"start":{"line":124,"column":23},"end":{"line":141,"column":null}},"line":124},"4":{"name":"testMediumConnection","decl":{"start":{"line":146,"column":22},"end":{"line":146,"column":null}},"loc":{"start":{"line":148,"column":49},"end":{"line":158,"column":null}},"line":148},"5":{"name":"saveMediumConnector","decl":{"start":{"line":163,"column":22},"end":{"line":163,"column":null}},"loc":{"start":{"line":170,"column":2},"end":{"line":189,"column":null}},"line":170},"6":{"name":"publishToMedium","decl":{"start":{"line":194,"column":22},"end":{"line":194,"column":null}},"loc":{"start":{"line":197,"column":28},"end":{"line":254,"column":null}},"line":197}},"branchMap":{"0":{"loc":{"start":{"line":71,"column":11},"end":{"line":71,"column":null}},"type":"binary-expr","locations":[{"start":{"line":71,"column":11},"end":{"line":71,"column":24}},{"start":{"line":71,"column":24},"end":{"line":71,"column":null}}],"line":71},"1":{"loc":{"start":{"line":167,"column":2},"end":{"line":169,"column":null}},"type":"default-arg","locations":[{"start":{"line":169,"column":6},"end":{"line":169,"column":null}}],"line":167},"2":{"loc":{"start":{"line":202,"column":2},"end":{"line":204,"column":null}},"type":"if","locations":[{"start":{"line":202,"column":2},"end":{"line":204,"column":null}},{"start":{},"end":{}}],"line":202},"3":{"loc":{"start":{"line":202,"column":6},"end":{"line":202,"column":49}},"type":"binary-expr","locations":[{"start":{"line":202,"column":6},"end":{"line":202,"column":20}},{"start":{"line":202,"column":20},"end":{"line":202,"column":49}}],"line":202},"4":{"loc":{"start":{"line":210,"column":2},"end":{"line":212,"column":null}},"type":"if","locations":[{"start":{"line":210,"column":2},"end":{"line":212,"column":null}},{"start":{},"end":{}}],"line":210},"5":{"loc":{"start":{"line":214,"column":30},"end":{"line":214,"column":57}},"type":"binary-expr","locations":[{"start":{"line":214,"column":30},"end":{"line":214,"column":55}},{"start":{"line":214,"column":55},"end":{"line":214,"column":57}}],"line":214},"6":{"loc":{"start":{"line":215,"column":36},"end":{"line":215,"column":60}},"type":"binary-expr","locations":[{"start":{"line":215,"column":36},"end":{"line":215,"column":56}},{"start":{"line":215,"column":56},"end":{"line":215,"column":60}}],"line":215},"7":{"loc":{"start":{"line":220,"column":13},"end":{"line":220,"column":null}},"type":"binary-expr","locations":[{"start":{"line":220,"column":13},"end":{"line":220,"column":37}},{"start":{"line":220,"column":37},"end":{"line":220,"column":57}},{"start":{"line":220,"column":57},"end":{"line":220,"column":null}}],"line":220},"8":{"loc":{"start":{"line":228,"column":2},"end":{"line":240,"column":null}},"type":"if","locations":[{"start":{"line":228,"column":2},"end":{"line":240,"column":null}},{"start":{"line":234,"column":9},"end":{"line":240,"column":null}}],"line":228}},"s":{"0":1,"1":4,"2":4,"3":2,"4":2,"5":0,"6":0,"7":0,"8":0,"9":0,"10":0,"11":0,"12":0,"13":0,"14":0,"15":0,"16":0,"17":2,"18":2,"19":1,"20":1,"21":0,"22":0,"23":0,"24":0,"25":0,"26":0,"27":0,"28":0,"29":0,"30":0,"31":0,"32":0,"33":0,"34":0,"35":0,"36":0},"f":{"0":4,"1":0,"2":0,"3":0,"4":2,"5":0,"6":0},"b":{"0":[0,0],"1":[0],"2":[0,0],"3":[0,0],"4":[0,0],"5":[0,0],"6":[0,0],"7":[0,0,0],"8":[0,0]},"meta":{"lastBranch":9,"lastFunction":7,"lastStatement":37,"seen":{"s:5:19:5:Infinity":0,"f:39:22:39:36":0,"s:40:2:52:Infinity":1,"s:41:17:48:Infinity":2,"s:49:4:49:Infinity":3,"s:51:4:51:Infinity":4,"f:58:22:58:Infinity":1,"s:62:2:74:Infinity":5,"s:63:17:70:Infinity":6,"s:71:4:71:Infinity":7,"b:71:11:71:24:71:24:71:Infinity":0,"s:73:4:73:Infinity":8,"f:80:22:80:Infinity":2,"s:92:2:107:Infinity":9,"s:93:17:103:Infinity":10,"s:104:4:104:Infinity":11,"s:106:4:106:Infinity":12,"f:113:22:113:Infinity":3,"s:125:2:140:Infinity":13,"s:126:17:136:Infinity":14,"s:137:4:137:Infinity":15,"s:139:4:139:Infinity":16,"f:146:22:146:Infinity":4,"s:149:2:157:Infinity":17,"s:150:4:150:Infinity":18,"s:151:4:151:Infinity":19,"s:153:4:156:Infinity":20,"f:163:22:163:Infinity":5,"b:169:6:169:Infinity":1,"s:172:15:172:Infinity":21,"s:174:2:188:Infinity":22,"f:194:22:194:Infinity":6,"s:198:20:200:Infinity":23,"b:202:2:204:Infinity:undefined:undefined:undefined:undefined":2,"s:202:2:204:Infinity":24,"b:202:6:202:20:202:20:202:49":3,"s:203:4:203:Infinity":25,"s:206:19:208:Infinity":26,"b:210:2:212:Infinity:undefined:undefined:undefined:undefined":4,"s:210:2:212:Infinity":27,"s:211:4:211:Infinity":28,"s:214:8:214:Infinity":29,"b:214:30:214:55:214:55:214:57":5,"s:215:17:215:Infinity":30,"b:215:36:215:56:215:56:215:60":6,"s:217:22:224:Infinity":31,"b:220:13:220:37:220:37:220:57:220:57:220:Infinity":7,"b:228:2:240:Infinity:234:9:240:Infinity":8,"s:228:2:240:Infinity":32,"s:229:4:233:Infinity":33,"s:235:4:239:Infinity":34,"s:243:2:251:Infinity":35,"s:253:2:253:Infinity":36}}}
}
